
Connected to: Oracle Database 10g Enterprise Edition Release 10.2.0.3.0 - Production
With the Partitioning, OLAP and Data Mining options
Export done in WE8MSWIN1252 character set and AL16UTF16 NCHAR character set

About to export specified users ...
. exporting pre-schema procedural objects and actions
. exporting foreign function library names for user SIMKEU 
. exporting PUBLIC type synonyms
. exporting private type synonyms
. exporting object type definitions for user SIMKEU 
About to export SIMKEU's objects ...
. exporting database links
. exporting sequence numbers
. exporting cluster definitions
. about to export SIMKEU's tables via Conventional Path ...
. . exporting table                AGING_ROLL_RATE
                                                          308 rows exported
. . exporting table       AGING_ROLL_RATE_AFILIASI
                                                          156 rows exported
. . exporting table                  KPTT_NOTA_LAP
                                                            0 rows exported
. . exporting table              KPTT_NOTA_LAP_DTL
                                                            0 rows exported
. exporting synonyms
. exporting views
. exporting stored procedures
. exporting operators
. exporting referential integrity constraints
. exporting triggers
. exporting indextypes
. exporting bitmap, functional and extensible indexes
. exporting posttables actions
. exporting materialized views
. exporting snapshot logs
. exporting job queues
. exporting refresh groups and children
. exporting dimensions
. exporting post-schema procedural objects and actions
. exporting statistics
Export terminated successfully without warnings.
