
Connected to: Oracle Database 10g Enterprise Edition Release 10.2.0.3.0 - Production
With the Partitioning, OLAP and Data Mining options

Export file created by EXPORT:V10.02.01 via conventional path
import done in WE8MSWIN1252 character set and AL16UTF16 NCHAR character set
. . importing table                  "CETAK_BANTU"
                                                           20 rows imported
. . importing table                       "IMPORT"
                                                            0 rows imported
. . importing table              "IMPORT_ANGGARAN"
                                                            0 rows imported
. . importing table                   "IMPORT_COA"
                                                            0 rows imported
. . importing table                "IMPORT_JURNAL"
                                                            0 rows imported
. . importing table               "IMPORT_JURNAL2"
                                                            0 rows imported
. . importing table               "IMPORT_JURNALP"
                                                            0 rows imported
. . importing table                "IMPORT_MASTER"
                                                            0 rows imported
. . importing table              "KBBR_BUKU_BESAR"
.
                                                         1039 rows imported
. . importing table          "KBBR_BUKU_BESAR_BAK"
.
                                                         1683 rows imported
. . importing table              "KBBR_BUKU_PUSAT"
                                                          186 rows imported
. . importing table          "KBBR_COA_KUST_KLIEN"
                                                           10 rows imported
. . importing table             "KBBR_GENERAL_REF"
                                                           33 rows imported
. . importing table           "KBBR_GENERAL_REF_D"
                                                          156 rows imported
. . importing table               "KBBR_GROUP_REK"
                                                            5 rows imported
. . importing table             "KBBR_KARTU_REKAP"
                                                            1 rows imported
. . importing table            "KBBR_KARTU_TAMBAH"
.........
                                                         9281 rows imported
. . importing table               "KBBR_KEY_TABEL"
                                                            8 rows imported
. . importing table             "KBBR_LAPORAN_LB4"
................................
                                                        32481 rows imported
. . importing table         "KBBR_LAPORAN_LB4_NEW"
                                                          550 rows imported
. . importing table        "KBBR_LAPORAN_LB4_NEW2"
..
                                                         2658 rows imported
. . importing table            "KBBR_NOTA_SUSPEND"
                                                            0 rows imported
. . importing table                 "KBBR_NO_NOTA"
                                                           20 rows imported
. . importing table               "KBBR_PARAM_REK"
                                                           12 rows imported
. . importing table            "KBBR_PROSEN_PAJAK"
                                                           13 rows imported
. . importing table              "KBBR_RULE_MODUL"
                                                           41 rows imported
. . importing table                "KBBR_THN_BUKU"
                                                            2 rows imported
. . importing table              "KBBR_THN_BUKU_D"
                                                           14 rows imported
. . importing table            "KBBR_TIPE_LAPORAN"
                                                            4 rows imported
. . importing table          "KBBR_TIPE_LAPORAN_D"
                                                          100 rows imported
. . importing table              "KBBR_TIPE_TRANS"
                                                           83 rows imported
. . importing table            "KBBR_TIPE_TRANS_D"
                                                          127 rows imported
. . importing table          "KBBR_TIPE_TRANS_DEP"
                                                            0 rows imported
. . importing table                    "KBBT_ARUS"
                                                            0 rows imported
. . importing table                "KBBT_ARUS_KAS"
.......
                                                         7312 rows imported
. . importing table           "KBBT_GAJI_JNSPST_D"
                                                            0 rows imported
. . importing table           "KBBT_GAJI_TEMPLATE"
                                                            0 rows imported
. . importing table         "KBBT_IKHTISAR_JURNAL"
                                                            0 rows imported
. . importing table                 "KBBT_JUR_AJT"
                                                            0 rows imported
. . importing table                  "KBBT_JUR_BB"
                                                            7 rows imported
. . importing table              "KBBT_JUR_BB_BAK"
....
                                                         4483 rows imported
. . importing table                "KBBT_JUR_BB_D"
                                                           47 rows imported
. . importing table           "KBBT_JUR_BB_D_AWAL"
                                                            0 rows imported
. . importing table         "KBBT_JUR_BB_D_IMPORT"
                                                            9 rows imported
. . importing table            "KBBT_JUR_BB_D_TMP"
...........................
                                                        27501 rows imported
. . importing table           "KBBT_JUR_BB_IMPORT"
                                                            7 rows imported
. . importing table              "KBBT_JUR_BB_TMP"
.......
                                                         7478 rows imported
. . importing table           "KBBT_KELOMPOK_ARUS"
                                                            0 rows imported
. . importing table             "KBBT_NERACA_ANGG"
.
                                                         1336 rows imported
. . importing table        "KBBT_NERACA_ANGG_PNTP"
                                                            0 rows imported
. . importing table            "KBBT_NERACA_SALDO"
                                                           19 rows imported
. . importing table         "KBBT_NERACA_SALDO_12"
                                                          402 rows imported
. . importing table        "KBBT_NERACA_SALDO_BAK"
........
                                                         8193 rows imported
. . importing table        "KBBT_NERACA_SALDO_SRV"
...
                                                         3087 rows imported
. . importing table          "KBBT_NERSAL_SUMMARY"
.
                                                         1161 rows imported
. . importing table             "KBBT_SALDO_VALAS"
                                                            0 rows imported
. . importing table            "KBBT_SELISIH_KURS"
                                                            0 rows imported
. . importing table           "KBBT_TEMPL_LRBIAYA"
                                                           27 rows imported
. . importing table           "KBBT_TEMPL_LRPUSAT"
                                                           15 rows imported
. . importing table             "KBBT_VALUASI_REK"
                                                           46 rows imported
. . importing table            "KPTT_FAKTUR_PAJAK"
                                                          100 rows imported
. . importing table                    "KPTT_NOTA"
                                                            7 rows imported
. . importing table                  "KPTT_NOTA_D"
                                                           40 rows imported
. . importing table         "KPTT_NOTA_NON_JURNAL"
                                                            1 rows imported
. . importing table       "KPTT_NOTA_NON_JURNAL_D"
                                                            1 rows imported
. . importing table          "KPTT_NOTA_PELUNASAN"
                                                            7 rows imported
. . importing table            "KPTT_SBPP_RINCIAN"
                                                            7 rows imported
. . importing table                  "KUTT_FAKTUR"
                                                            0 rows imported
. . importing table                "KUTT_FAKTUR_D"
                                                            0 rows imported
. . importing table                    "SAFM_BANK"
                                                            4 rows imported
. . importing table            "SAFM_BANK_NASABAH"
                                                            0 rows imported
. . importing table               "SAFM_PELANGGAN"
.........
                                                         9281 rows imported
. . importing table                  "SAFR_CABANG"
                                                           32 rows imported
. . importing table      "SAFR_GENERAL_REF_DETAIL"
                                                          730 rows imported
. . importing table                "SAFR_SYSPARAM"
                                                           55 rows imported
. . importing table                  "SAFR_VALUTA"
                                                            4 rows imported
. . importing table             "SAFR_VALUTA_KURS"
                                                           79 rows imported
. . importing table       "SAFR_VALUTA_KURS_PAJAK"
                                                            8 rows imported
. . importing table          "TMP_AGING_ROLL_RATE"
                                                          624 rows imported
. . importing table "TMP_AGING_ROLL_RATE_AFILIASI"
                                                          156 rows imported
. . importing table       "TMP_CONTROLDATA_FOXPRO"
.
                                                         1195 rows imported
. . importing table             "TMP_MASTERS_MACH"
                                                            4 rows imported
. . importing table            "TMP_MASTER_FOXPRO"
.............
                                                        13816 rows imported
. . importing table           "TMP_PIUTANG_MASTER"
                                                          253 rows imported
. . importing table                "TMP_ROLL_RATE"
                                                            0 rows imported
. . importing table             "TMP_TRANB_FOXPRO"
..
                                                         2920 rows imported
. . importing table                   "UPKM_KAPAL"
                                                            0 rows imported
IMP-00041: Warning: object created with compilation warnings
 "CREATE FORCE VIEW "PPI_SIUK"."KBBT_JUR_BB_CETAK"                        ("N"
 "O_NOTA","TGL_TRANS","JML_VAL_TRANS","NM_AGEN_PERUSH","ALMT_AGEN_PERUSH","KE"
 "TERANGAN_UTAMA","BUKTI_PENDUKUNG","KD_BUKU_BESAR","KD_SUB_BANTU","KD_BUKU_P"
 "USAT","NM_BUKU_BESAR_WITH_PARENT","NM_BUKU_BESAR","NM_SUB_BANTU","NM_BUKU_P"
 "USAT","KETERANGAN_DETIL","SALDO_VAL_DEBET","SALDO_VAL_KREDIT") AS "
 "SELECT A.NO_NOTA, A.TGL_TRANS, A.JML_VAL_TRANS, A.NM_AGEN_PERUSH, A.ALMT_AG"
 "EN_PERUSH, A.KET_TAMBAH KETERANGAN_UTAMA, "
 "A.NO_REF3 BUKTI_PENDUKUNG, B.KD_BUKU_BESAR, B.KD_SUB_BANTU, B.KD_BUKU_PUSAT"
 ", AMBIL_BUKU_BESAR_NAMA(B.KD_BUKU_BESAR) NM_BUKU_BESAR_WITH_PARENT, C.NM_BU"
 "KU_BESAR, E.MPLG_NAMA NM_SUB_BANTU, D.NM_BUKU_BESAR NM_BUKU_PUSAT,"
 "B.KET_TAMBAH KETERANGAN_DETIL, SALDO_VAL_DEBET, SALDO_VAL_KREDIT"
 "FROM KBBT_JUR_BB A "
 "INNER JOIN KBBT_JUR_BB_D B ON A.NO_NOTA = B.NO_NOTA "
 "INNER JOIN KBBR_BUKU_BESAR C ON C.KD_BUKU_BESAR = B.KD_BUKU_BESAR"
 "INNER JOIN KBBR_BUKU_PUSAT D ON D.KD_BUKU_BESAR = B.KD_BUKU_PUSAT"
 "INNER JOIN SAFM_PELANGGAN E ON E.MPLG_KODE = B.KD_SUB_BANTU "
IMP-00041: Warning: object created with compilation warnings
 "CREATE FORCE VIEW "PPI_SIUK"."LAPORAN_MUT_RK_PUSAT"                        "
 "("JEN_JURNAL","TANGGAL","NO_BUKTI_JURNAL","URAIAN","DEBET","KREDIT","SALDO_"
 "BL_LALU") AS "
 "SELECT A.JEN_JURNAL,A.TGL_TRANS TANGGAL,A.NO_NOTA NO_BUKTI_JURNAL,A.KET_TAM"
 "BAH URAIAN, SUM(B.SALDO_RP_DEBET) DEBET,SUM(B.SALDO_RP_KREDIT) KREDIT, AMBI"
 "L_SALDO_LALU_MUT_RK_PUSAT('012013') SALDO_BL_LALU "
 "FROM KBBT_JUR_BB A,"
 "     KBBT_JUR_BB_D B"
 "WHERE A.NO_NOTA = B.NO_NOTA"
 "  AND A.BLN_BUKU||A.THN_BUKU = '012013'"
 "  AND A.NO_POSTING IS NOT NULL"
 "  AND B.KD_BUKU_BESAR like '691%' "
 "  GROUP BY A.TGL_TRANS,A.NO_NOTA,A.KET_TAMBAH,A.JEN_JURNAL"
 "  ORDER BY 1 "
IMP-00041: Warning: object created with compilation warnings
 "CREATE FORCE VIEW "PPI_SIUK"."LAPORAN_BUKU_BESAR_PER_REK"                  "
 "      ("KD_REKENING","ID_REF_DATA","KET_REF_DATA","SALDO_RP_DEBET","SALDO_R"
 "P_KREDIT","URUT","SALDO_AWAL") AS "
 "SELECT    DISTINCT"
 "SUBSTR(D.Kd_Buku_Besar,1,3)        Kd_Rekening,"
 "'ADA'                    Id_Ref_Data,"
 "NM_BUKU_BESAR                    Ket_Ref_Data,"
 "0                    Saldo_Rp_Debet,"
 "0                    Saldo_Rp_Kredit,"
 "'0'                                                                        "
 "     URUT , AMBIL_SALDO_AWAL_BB_PER_REK(SUBSTR(D.Kd_Buku_Besar,1,3), 9, 201"
 "3) SALDO_AWAL "
 "FROM"
 "Kbbt_Neraca_saldo D INNER JOIN KBBR_BUKU_BESAR X ON SUBSTR(D.Kd_Buku_Besar,"
 "1,3) || '.00.00' = X.KD_BUKU_BESAR"
 "WHERE         "
 "D.Thn_Buku = 2013"
 "and SUBSTR(D.Kd_Buku_Besar,1,3) <> '606'"
 "union all"
 "SELECT    "
 "SUBSTR(C.Kd_Buku_Besar,1,3)    Kd_Rekening,"
 "A.Id_Ref_Data            Id_Ref_Data,"
 "A.Ket_Ref_Data            Ket_Ref_Data,"
 "SUM(NVL(C.Saldo_Rp_Debet,0))    Saldo_Rp_Debet,"
 "SUM(NVL(C.Saldo_Rp_Kredit,0))    Saldo_Rp_Kredit,"
 "decode(b.jen_jurnal,'JKM','1',"
 "                                'JKK','2',"
 "                                'JPJ','3',"
 "                                'JRR','4',"
 "                                'JPB','5',"
 "                                'JPP','6',"
 "                                '7')                             URUT, NULL"
 "FROM"
 "Kbbr_General_Ref_D A,"
 "Kbbt_Jur_BB       B,"
 "Kbbt_Jur_BB_D       C"
 "WHERE         "
 "         A.Id_Ref_data = B.Jen_Jurnal (+)"
 "AND A.Id_Ref_File = 'JENISJURNAL'"
 "AND B.No_Nota  = C.No_Nota "
 "AND B.Thn_Buku = 2013"
 "AND B.Bln_Buku = '09' "
 "AND B.No_Posting IS NOT NULL "
 "and  b.thn_buku||b.bln_buku > "
 "(select nvl(max(p.thn_buku) || max(p.bln_buku),0) from kbbt_jur_bb_d_awal p"
 ")"
 "and SUBSTR(c.Kd_Buku_Besar,1,3) <> '606'"
 "GROUP BY"
 "SUBSTR(C.Kd_Buku_Besar,1,3),A.Id_Ref_Data,A.Ket_Ref_Data,b.JEN_JURNAL"
 "union all"
 "SELECT"
 "SUBSTR(C.kd_buku_besar,1,3)            Kd_rekening,"
 "A.Id_Ref_Data            Id_Ref_Data,"
 "A.Ket_Ref_Data            Ket_Ref_Data,"
 "SUM(NVL(C.Saldo_Rp_Debet,0))    Saldo_Rp_Debet,"
 "SUM(NVL(C.Saldo_Rp_Kredit,0))    Saldo_Rp_Kredit,"
 "decode(C.jen_jurnal,'JKM','1',"
 "                                'JKK','2',"
 "                                'JPJ','3',"
 "                                'JRR','4',"
 "                                'JPB','5',"
 "                                'JPP','6',"
 "                                '7')                             URUT, NULL"
 "FROM"
 "Kbbr_General_Ref_D    A,"
 "Kbbt_Jur_BB_D_Awal   C"
 "WHERE         "
 "         A.Id_Ref_data = C.Jen_Jurnal (+)"
 "AND A.Id_Ref_File = 'JENISJURNAL'"
 "AND C.Thn_Buku = 2013"
 "AND C.Bln_Buku = '09' "
 "and  C.thn_buku||C.bln_buku <="
 "(select nvl(max(p.thn_buku) || max(p.bln_buku),0) from kbbt_jur_bb_d_awal p"
 ")"
 "and SUBSTR(c.Kd_Buku_Besar,1,3) <> '606'"
 "GROUP BY"
 "SUBSTR(C.Kd_Buku_Besar,1,3),A.Id_Ref_Data,A.Ket_Ref_Data,C.JEN_JURNAL"
 "ORDER BY 1,6 "
IMP-00041: Warning: object created with compilation warnings
 "CREATE FORCE VIEW "PPI_SIUK"."LAPORAN_IKHTISAR_BUKU_BESAR"                 "
 "       ("COA_ID","COA_NAME","KD","KD_LEVEL2","NM_BUKU_BESAR","P01_DEBET","P"
 "02_DEBET","P03_DEBET","P04_DEBET","P05_DEBET","P06_DEBET","P07_DEBET","P08_"
 "DEBET","P09_DEBET","P10_DEBET","P11_DEBET","P12_DEBET","P13_DEBET","P14_DEB"
 "ET","P15_DEBET","P16_DEBET","PSALDO_AWAL","P01_KREDIT","P02_KREDIT","P03_KR"
 "EDIT","P04_KREDIT","P05_KREDIT","P06_KREDIT","P07_KREDIT","P08_KREDIT","P09"
 "_KREDIT","P10_KREDIT","P11_KREDIT","P12_KREDIT","P13_KREDIT","P14_KREDIT",""
 "P15_KREDIT","P16_KREDIT","SALDO_BULAN_LALU","DEBET_BI","KREDIT_BI") AS "
 "SELECT  "
 "A.COA_ID, (SELECT NM_BUKU_BESAR FROM KBBR_BUKU_BESAR X WHERE A.COA_ID || '."
 "00.00' = X.KD_BUKU_BESAR) COA_NAME, KD KD,REPLACE(KD,A.COA_ID||'.')  KD_LEV"
 "EL2,NM_BUKU_BESAR"
 ", P01_DEBET, P02_DEBET, P03_DEBET, P04_DEBET, P05_DEBET, P06_DEBET"
 ", P07_DEBET, P08_DEBET, P09_DEBET, P10_DEBET, P11_DEBET, P12_DEBET"
 ",P13_DEBET, P14_DEBET, P15_DEBET, P16_DEBET"
 ", PSALDO_AWAL"
 ", P01_KREDIT, P02_KREDIT, P03_KREDIT, P04_KREDIT, P05_KREDIT, P06_KREDIT"
 ", P07_KREDIT, P08_KREDIT, P09_KREDIT, P10_KREDIT, P11_KREDIT, P12_KREDIT"
 ",P13_KREDIT, P14_KREDIT, P15_KREDIT, P16_KREDIT, AMBIL_SALDO_AWAL_IKH_BB(KD"
 ", 9, 2013) SALDO_BULAN_LALU, AMBIL_DEBET_BL_INI_IKH_BB(KD, 9, 2013) DEBET_B"
 "I, AMBIL_KREDIT_BL_INI_IKH_BB(KD, 9, 2013) KREDIT_BI"
 "FROM ( "
 "SELECT "
 "SUBSTR(A.COA_ID,1,(LENGTH(COA_ID)-1)) COA_ID"
 ",A.KD_BUKU_BESAR KD"
 ",(SUM(NVL(C.AWAL_DEBET,0)) - SUM(NVL(C.AWAL_KREDIT,0))) PSALDO_AWAL"
 ",SUM(NVL(C.P01_DEBET,0)) P01_DEBET, SUM(NVL(C.P02_DEBET,0)) P02_DEBET, SUM("
 "NVL(C.P03_DEBET,0)) P03_DEBET"
 ",SUM(NVL(C.P04_DEBET,0)) P04_DEBET, SUM(NVL(C.P05_DEBET,0)) P05_DEBET, SUM("
 "NVL(C.P06_DEBET,0)) P06_DEBET"
 ",SUM(NVL(C.P07_DEBET,0)) P07_DEBET, SUM(NVL(C.P08_DEBET,0)) P08_DEBET, SUM("
 "NVL(C.P09_DEBET,0)) P09_DEBET"
 ",SUM(NVL(C.P10_DEBET,0)) P10_DEBET, SUM(NVL(C.P11_DEBET,0)) P11_DEBET, SUM("
 "NVL(C.P12_DEBET,0)) P12_DEBET "
 ",SUM(NVL(C.P13_DEBET,0)) P13_DEBET, SUM(NVL(C.P14_DEBET,0)) P14_DEBET, SUM("
 "NVL(C.P15_DEBET,0)) P15_DEBET"
 ",SUM(NVL(C.P16_DEBET,0)) P16_DEBET "
 ",SUM(NVL(C.P01_KREDIT,0)) P01_KREDIT, SUM(NVL(C.P02_KREDIT,0)) P02_KREDIT, "
 "SUM(NVL(C.P03_KREDIT,0)) P03_KREDIT"
 ",SUM(NVL(C.P04_KREDIT,0)) P04_KREDIT, SUM(NVL(C.P05_KREDIT,0)) P05_KREDIT, "
 "SUM(NVL(C.P06_KREDIT,0)) P06_KREDIT"
 ",SUM(NVL(C.P07_KREDIT,0)) P07_KREDIT, SUM(NVL(C.P08_KREDIT,0)) P08_KREDIT, "
 "SUM(NVL(C.P09_KREDIT,0)) P09_KREDIT"
 ",SUM(NVL(C.P10_KREDIT,0)) P10_KREDIT, SUM(NVL(C.P11_KREDIT,0)) P11_KREDIT, "
 "SUM(NVL(C.P12_KREDIT,0)) P12_KREDIT"
 ",SUM(NVL(C.P13_KREDIT,0)) P13_KREDIT, SUM(NVL(C.P14_KREDIT,0)) P14_KREDIT, "
 "SUM(NVL(C.P15_KREDIT,0)) P15_KREDIT"
 ",SUM(NVL(C.P16_KREDIT,0)) P16_KREDIT"
 "FROM KBBR_BUKU_BESAR A"
 ",KBBT_NERACA_SALDO C"
 "WHERE "
 "A.KD_BUKU_BESAR = C.KD_BUKU_BESAR "
 "--AND A.GRUP_DTL_KODE <> 'H'"
 "AND A.KD_BUKU_BESAR NOT LIKE '606%'"
 "--AND A.KD_BUKU_BESAR <> '606.02.00'"
 "AND C.KD_VALUTA='IDR' "
 "AND C.THN_BUKU = 2013"
 "GROUP BY A.KD_BUKU_BESAR, A.COA_ID"
 ") A,"
 "KBBR_BUKU_BESAR B"
 "WHERE  A.KD = B.KD_BUKU_BESAR"
 "ORDER BY 1,2,3 "
IMP-00041: Warning: object created with compilation warnings
 "CREATE FORCE VIEW "PPI_SIUK"."LAPORAN_IKHTISAR_BUKU_BANTU"                 "
 "       ("COA_ID","KD","NM_BUKU_BESAR","P01_DEBET","P02_DEBET","P03_DEBET",""
 "P04_DEBET","P05_DEBET","P06_DEBET","P07_DEBET","P08_DEBET","P09_DEBET","P10"
 "_DEBET","P11_DEBET","P12_DEBET","P13_DEBET","P14_DEBET","P15_DEBET","P16_DE"
 "BET","PSALDO_AWAL","P01_KREDIT","P02_KREDIT","P03_KREDIT","P04_KREDIT","P05"
 "_KREDIT","P06_KREDIT","P07_KREDIT","P08_KREDIT","P09_KREDIT","P10_KREDIT",""
 "P11_KREDIT","P12_KREDIT","P13_KREDIT","P14_KREDIT","P15_KREDIT","P16_KREDIT"
 "","KD_KARTU","NM_KARTU","SALDO_BULAN_LALU","DEBET_BI","KREDIT_BI") AS "
 "SELECT  A.COA_ID, KD KD, UPPER(NM_BUKU_BESAR) NM_BUKU_BESAR"
 "       , P01_DEBET, P02_DEBET, P03_DEBET, P04_DEBET, P05_DEBET, P06_DEBET"
 "       , P07_DEBET, P08_DEBET, P09_DEBET, P10_DEBET, P11_DEBET, P12_DEBET"
 "                   , P13_DEBET, P14_DEBET, P15_DEBET, P16_DEBET"
 "                    ,PSALDO_AWAL"
 "       , P01_KREDIT, P02_KREDIT, P03_KREDIT, P04_KREDIT, P05_KREDIT, P06_KR"
 "EDIT"
 "       , P07_KREDIT, P08_KREDIT, P09_KREDIT, P10_KREDIT, P11_KREDIT, P12_KR"
 "EDIT, P13_KREDIT, P14_KREDIT, P15_KREDIT, P16_KREDIT, KD_KARTU, NM_KARTU"
 "       , AMBIL_SALDO_AWAL_IKH_BBANTU(KD, KD_KARTU, 9, 2013) SALDO_BULAN_LAL"
 "U, AMBIL_DEBET_BL_INI_IKH_BBANTU(KD, KD_KARTU, 9, 2013) DEBET_BI, AMBIL_KRE"
 "DIT_BL_INI_IKH_BBANTU(KD, KD_KARTU, 9, 2013) KREDIT_BI"
 "FROM ( "
 "    SELECT "
 "          SUBSTR(A.KD_BUKU_BESAR,1,3) COA_ID"
 "       ,A.KD_BUKU_BESAR KD, C.KD_SUB_BANTU KD_KARTU, "
 "                    D.NM_SUB_BANTU NM_KARTU"
 "                   ,(SUM(NVL(C.AWAL_DEBET,0)) - SUM(NVL(C.AWAL_KREDIT,0))) "
 "PSALDO_AWAL"
 "       ,SUM(NVL(C.P01_DEBET,0)) P01_DEBET, SUM(NVL(C.P02_DEBET,0)) P02_DEBE"
 "T, SUM(NVL(C.P03_DEBET,0)) P03_DEBET"
 "       ,SUM(NVL(C.P04_DEBET,0)) P04_DEBET, SUM(NVL(C.P05_DEBET,0)) P05_DEBE"
 "T, SUM(NVL(C.P06_DEBET,0)) P06_DEBET"
 "       ,SUM(NVL(C.P07_DEBET,0)) P07_DEBET, SUM(NVL(C.P08_DEBET,0)) P08_DEBE"
 "T, SUM(NVL(C.P09_DEBET,0)) P09_DEBET"
 "       ,SUM(NVL(C.P10_DEBET,0)) P10_DEBET, SUM(NVL(C.P11_DEBET,0)) P11_DEBE"
 "T, SUM(NVL(C.P12_DEBET,0)) P12_DEBET "
 "       ,SUM(NVL(C.P13_DEBET,0)) P13_DEBET, SUM(NVL(C.P14_DEBET,0)) P14_DEBE"
 "T, SUM(NVL(C.P15_DEBET,0)) P15_DEBET"
 "       ,SUM(NVL(C.P16_DEBET,0)) P16_DEBET"
 "       ,SUM(NVL(C.P01_KREDIT,0)) P01_KREDIT, SUM(NVL(C.P02_KREDIT,0)) P02_K"
 "REDIT, SUM(NVL(C.P03_KREDIT,0)) P03_KREDIT"
 "       ,SUM(NVL(C.P04_KREDIT,0)) P04_KREDIT, SUM(NVL(C.P05_KREDIT,0)) P05_K"
 "REDIT, SUM(NVL(C.P06_KREDIT,0)) P06_KREDIT"
 "       ,SUM(NVL(C.P07_KREDIT,0)) P07_KREDIT, SUM(NVL(C.P08_KREDIT,0)) P08_K"
 "REDIT, SUM(NVL(C.P09_KREDIT,0)) P09_KREDIT"
 "       ,SUM(NVL(C.P10_KREDIT,0)) P10_KREDIT, SUM(NVL(C.P11_KREDIT,0)) P11_K"
 "REDIT, SUM(NVL(C.P12_KREDIT,0)) P12_KREDIT"
 "       ,SUM(NVL(C.P13_KREDIT,0)) P13_KREDIT, SUM(NVL(C.P14_KREDIT,0)) P14_K"
 "REDIT, SUM(NVL(C.P15_KREDIT,0)) P15_KREDIT"
 "       ,SUM(NVL(C.P16_KREDIT,0)) P16_KREDIT"
 "       FROM KBBR_BUKU_BESAR A"
 "            ,KBBT_NERACA_SALDO C"
 "            ,KBBR_KARTU_TAMBAH D"
 "       WHERE  A.KD_BUKU_BESAR = C.KD_BUKU_BESAR "
 "       AND C.KD_SUB_BANTU <> '00000'"
 "       AND C.KD_SUB_BANTU = D.KD_SUB_BANTU (+)"
 "       AND SUBSTR(A.KD_BUKU_BESAR,1,3) NOT BETWEEN '701' AND '711'"
 "          AND SUBSTR(A.KD_BUKU_BESAR,1,6) NOT IN  ('101.02')"
 "       AND SUBSTR(A.KD_BUKU_BESAR,1,3) NOT IN  ('791' ,'606','751','809')"
 "       AND C.KD_VALUTA='IDR'"
 "       AND C.THN_BUKU = 2013"
 "       GROUP BY A.KD_BUKU_BESAR, A.COA_ID, C.KD_SUB_BANTU, D.NM_SUB_BANTU "
 "       ) A,"
 "KBBR_BUKU_BESAR B"
 "WHERE  A.KD = B.KD_BUKU_BESAR AND NOT A.COA_ID = 101"
 "ORDER BY KD "
IMP-00041: Warning: object created with compilation warnings
 "CREATE FORCE VIEW "PPI_SIUK"."LAPORAN_REAL_ANGG_PENDAPATAN"                "
 "        ("COA_ID","COA_NAME","KD_LEVEL2","KD_REKENING","NM_BUKU_BESAR","MG""
 ","SG","SG_NUM_DES","P_01_MUTA","P_02_MUTA","P_03_MUTA","P_04_MUTA","P_05_MU"
 "TA","P_06_MUTA","P_07_MUTA","P_08_MUTA","P_09_MUTA","P_10_MUTA","P_11_MUTA""
 ","P_12_MUTA","P_13_MUTA","P_14_MUTA","P_15_MUTA","P_16_MUTA","P_ANGG","SALD"
 "O_BULAN_LALU") AS "
 "SELECT A.COA_ID, B.NM_BUKU_BESAR COA_NAME, KD_LEVEL2, KD_REKENING, A.NM_BUK"
 "U_BESAR, MG, SG, SG_NUM_DES, SUM(P_01_MUTA) P_01_MUTA,SUM(P_02_MUTA) P_02_M"
 "UTA,SUM(P_03_MUTA) P_03_MUTA,"
 "       SUM(P_04_MUTA) P_04_MUTA,SUM(P_05_MUTA) P_05_MUTA,SUM(P_06_MUTA) P_0"
 "6_MUTA"
 "       ,SUM(P_07_MUTA) P_07_MUTA,SUM(P_08_MUTA) P_08_MUTA,SUM(P_09_MUTA) P_"
 "09_MUTA,SUM(P_10_MUTA) P_10_MUTA,SUM(P_11_MUTA) P_11_MUTA,SUM(P_12_MUTA)  P"
 "_12_MUTA"
 "       ,SUM(P_13_MUTA) P_13_MUTA,SUM(P_14_MUTA) P_14_MUTA "
 "           ,SUM(P_15_MUTA) P_15_MUTA,SUM(P_16_MUTA) P_16_MUTA, CEIL(SUM(P_A"
 "NGG))  P_ANGG, ABS(NVL(AMBIL_SALDO_AWAL_IKH_BB(A.KD_REKENING, 9, 2013), 0))"
 " SALDO_BULAN_LALU"
 "FROM"
 "(                         "
 "SELECT  A.COA_ID COA_ID"
 "       ,REPLACE(A.KD_BUKU_BESAR,A.COA_ID||'.','') KD_LEVEL2"
 "       ,KD_REKENING, NM_BUKU_BESAR "
 "       ,DECODE(SUBSTR(A.KD_BUKU_BESAR,1,2),'70','1','71','1','72','1','75',"
 "'1','76','1','77','1'"
 "       ,'79','2',NULL) MG"
 "       ,DECODE(SUBSTR(A.KD_BUKU_BESAR,1,2),'70','1','71','1','72','1','75',"
 "'2','76','2','77','2'"
 "       ,'79','1',NULL) SG"
 "          ,DECODE(SUBSTR(A.KD_BUKU_BESAR,1,2),'70','I','71','I','72','I'"
 "       ,'75','II','76','II','77','II'"
 "       ,'79','III',NULL) SG_NUM_DES"
 "       , P_01_MUTA ,P_02_MUTA ,P_03_MUTA ,P_04_MUTA ,P_05_MUTA ,P_06_MUTA"
 "       , P_07_MUTA ,P_08_MUTA ,P_09_MUTA ,P_10_MUTA ,P_11_MUTA, P_12_MUTA "
 "       ,P_13_MUTA , P_14_MUTA  "
 "                  ,P_15_MUTA , P_16_MUTA,P_ANGG "
 "FROM ( "
 "       SELECT "
 "       TO_NUMBER(SUBSTR(A.KD_BUKU_BESAR,1,3)) COA_ID "
 "       ,A.KD_BUKU_BESAR  KD_BUKU_BESAR"
 "       ,A.KD_BUKU_BESAR  KD_REKENING"
 "       ,NVL(SUM(NVL(b.P01_KREDIT,0) - NVL(b.P01_DEBET,0)),0) P_01_MUTA"
 "       ,NVL(SUM(NVL(b.P02_KREDIT,0) - NVL(b.P02_DEBET,0)),0) P_02_MUTA"
 "       ,NVL(SUM(NVL(b.P03_KREDIT,0) - NVL(b.P03_DEBET,0)),0) P_03_MUTA"
 "       ,NVL(SUM(NVL(b.P04_KREDIT,0) - NVL(b.P04_DEBET,0)),0) P_04_MUTA"
 "       ,NVL(SUM(NVL(b.P05_KREDIT,0) - NVL(b.P05_DEBET,0)),0) P_05_MUTA"
 "       ,NVL(SUM(NVL(b.P06_KREDIT,0) - NVL(b.P06_DEBET,0)),0) P_06_MUTA"
 "       ,NVL(SUM(NVL(b.P07_KREDIT,0) - NVL(b.P07_DEBET,0)),0) P_07_MUTA"
 "       ,NVL(SUM(NVL(b.P08_KREDIT,0) - NVL(b.P08_DEBET,0)),0) P_08_MUTA"
 "       ,NVL(SUM(NVL(b.P09_KREDIT,0) - NVL(b.P09_DEBET,0)),0) P_09_MUTA"
 "       ,NVL(SUM(NVL(b.P10_KREDIT,0) - NVL(b.P10_DEBET,0)),0) P_10_MUTA"
 "       ,NVL(SUM(NVL(b.P11_KREDIT,0) - NVL(b.P11_DEBET,0)),0) P_11_MUTA"
 "       ,NVL(SUM(NVL(b.P12_KREDIT,0) - NVL(b.P12_DEBET,0)),0) P_12_MUTA"
 "                   ,NVL(SUM(NVL(b.P13_KREDIT,0) - NVL(b.P13_DEBET,0)),0) P_"
 "13_MUTA"
 "                   ,NVL(SUM(NVL(b.P14_KREDIT,0) - NVL(b.P14_DEBET,0)),0) P_"
 "14_MUTA"
 "                   ,NVL(SUM(NVL(b.P15_KREDIT,0) - NVL(b.P15_DEBET,0)),0) P_"
 "15_MUTA"
 "                   ,NVL(SUM(NVL(b.P16_KREDIT,0) - NVL(b.P16_DEBET,0)),0) P_"
 "16_MUTA"
 "       ,0   P_ANGG "
 "       FROM   KBBR_BUKU_BESAR A"
 "             ,KBBT_NERACA_SALDO B"
 "       WHERE TO_NUMBER(SUBSTR(A.KD_BUKU_BESAR,1,3)) BETWEEN 701 AND 791"
 "       AND A.KD_BUKU_BESAR(+) = B.KD_BUKU_BESAR "
 "       AND B.KD_VALUTA = 'IDR'"
 "       AND B.THN_BUKU  = 2013       "
 "       GROUP BY TO_NUMBER(SUBSTR(A.KD_BUKU_BESAR,1,3))  "
 "       ,A.KD_BUKU_BESAR"
 "        ) A,"
 "KBBR_BUKU_BESAR B"
 "WHERE A.KD_BUKU_BESAR = B.KD_BUKU_BESAR"
 "union all"
 "SELECT  A.COA_ID COA_ID"
 "       ,REPLACE(A.KD_BUKU_BESAR,A.COA_ID||'.','') KD_LEVEL2  "
 "       ,KD_REKENING, NM_BUKU_BESAR"
 "       ,DECODE(SUBSTR(A.KD_BUKU_BESAR,1,2),'70','1','71','1','72','1','75',"
 "'1','76','1','77','1'"
 "       ,'79','2',NULL) MG"
 "       ,DECODE(SUBSTR(A.KD_BUKU_BESAR,1,2),'70','1','71','1','72','1','75',"
 "'2','76','2','77','2'"
 "       ,'79','1',NULL) SG"
 "          ,DECODE(SUBSTR(A.KD_BUKU_BESAR,1,2),'70','I','71','I','72','I'"
 "       ,'75','II','76','II','77','II'"
 "       ,'79','III',NULL) SG_NUM_DES"
 "       , P_01_MUTA ,P_02_MUTA ,P_03_MUTA ,P_04_MUTA ,P_05_MUTA ,P_06_MUTA"
 "       , P_07_MUTA ,P_08_MUTA ,P_09_MUTA ,P_10_MUTA ,P_11_MUTA, P_12_MUTA "
 "       ,P_13_MUTA, P_14_MUTA  "
 "                   ,P_15_MUTA, P_16_MUTA , P_ANGG "
 "FROM ( "
 "       SELECT "
 "       TO_NUMBER(SUBSTR(A.KD_BUKU_BESAR,1,3)) COA_ID "
 "       ,A.KD_BUKU_BESAR    KD_BUKU_BESAR"
 "       ,A.KD_BUKU_BESAR    KD_REKENING"
 "       ,0 P_01_MUTA"
 "       ,0 P_02_MUTA"
 "       ,0 P_03_MUTA"
 "       ,0 P_04_MUTA"
 "       ,0 P_05_MUTA"
 "       ,0 P_06_MUTA"
 "       ,0 P_07_MUTA"
 "       ,0 P_08_MUTA"
 "       ,0 P_09_MUTA"
 "       ,0 P_10_MUTA"
 "       ,0 P_11_MUTA"
 "       ,0 P_12_MUTA"
 "                   ,0 P_13_MUTA "
 "                   ,0 P_14_MUTA"
 "                   ,0 P_15_MUTA "
 "                   ,0 P_16_MUTA"
 "       ,NVL(SUM(NVL(B.Angg_Tahunan,0)),0)   P_ANGG "
 "       FROM   KBBR_BUKU_BESAR A"
 "             ,KBBT_NERACA_ANGG B"
 "       WHERE TO_NUMBER(SUBSTR(A.KD_BUKU_BESAR,1,3)) BETWEEN 701 AND 791"
 "       AND A.KD_BUKU_BESAR(+) = B.KD_BUKU_BESAR "
 "       AND B.KD_VALUTA = 'IDR'"
 "       AND B.THN_BUKU  = 2013       "
 "       GROUP BY TO_NUMBER(SUBSTR(A.KD_BUKU_BESAR,1,3))  "
 "       ,A.KD_BUKU_BESAR"
 "        ) A,"
 "KBBR_BUKU_BESAR B"
 "WHERE A.KD_BUKU_BESAR = B.KD_BUKU_BESAR"
 ") A INNER JOIN KBBR_BUKU_BESAR B ON A.COA_ID || '.00.00' = KD_BUKU_BESAR"
 "GROUP BY A.COA_ID, KD_LEVEL2, KD_REKENING, A.NM_BUKU_BESAR, MG, SG, SG_NUM_"
 "DES, B.NM_BUKU_BESAR"
 "ORDER BY 1,2 "
IMP-00041: Warning: object created with compilation warnings
 "CREATE FORCE VIEW "PPI_SIUK"."LAPORAN_REAL_ANGG_PEND_BIAYA"                "
 "        ("GROUP_SUM","GROUP_LEVEL0","GRUP_LEVEL1","GRUP_LEVEL2","GROUP_NAMA"
 "","KD_BUKU_BESAR","NM_BUKU_BESAR","ANGGARAN","TOT_JAN","TOT_FEB","TOT_MAR","
 ""TOT_APR","TOT_MAY","TOT_JUN","TOT_JUL","TOT_AUG","TOT_SEP","TOT_OCT","TOT_"
 "NOV","TOT_DEC","TOT_AJP","TOT_AJT","TOT_15","TOT_16","TOT_17","TOT_18","SAL"
 "DO_BULAN_LALU") AS "
 "SELECT 1, NULL GROUP_LEVEL0, NULL GRUP_LEVEL1, NULL GRUP_LEVEL2, NULL KD_BU"
 "KU_BESAR, NULL, NULL NM_BUKU_BESAR, ABS(SUM(ANGGARAN)) ANGGARAN, ABS(SUM(TO"
 "T_JAN)) TOT_JAN, ABS(SUM(TOT_FEB)) TOT_FEB, ABS(SUM(TOT_MAR)) TOT_MAR, "
 "ABS(SUM(TOT_APR)) TOT_APR, ABS(SUM(TOT_MAY)) TOT_MAY, ABS(SUM(TOT_JUN)) TOT"
 "_JUN, ABS(SUM(TOT_JUL)) TOT_JUL, ABS(SUM(TOT_AUG)) TOT_AUG, ABS(SUM(TOT_SEP"
 ")) TOT_SEP, ABS(SUM(TOT_OCT)) TOT_OCT, "
 "ABS(SUM(TOT_NOV)) TOT_NOV, ABS(SUM(TOT_DEC)) TOT_DEC, ABS(SUM(TOT_AJP)) TOT"
 "_AJP, ABS(SUM(TOT_AJT)) TOT_AJT, ABS(SUM(TOT_15)) TOT_15, ABS(SUM(TOT_16)) "
 "TOT_16, ABS(SUM(TOT_17)) TOT_17, ABS(SUM(TOT_18)) TOT_18, ABS(SUM(SALDO_BUL"
 "AN_LALU)) SALDO_BULAN_LALU    "
 "FROM"
 "("
 "select"
 "      substr(a.kd_buku_besar,1,3) GRUP_LEVEL1,"
 "      substr(a.kd_buku_besar,5,5) GRUP_LEVEL2,"
 "      a.kd_buku_besar kd_buku_besar, a.nm_buku_besar,"
 "                  0 anggaran,"
 "      nvl(sum(nvl(b.p01_debet,0))-sum(nvl(b.p01_kredit,0)),0) tot_jan,"
 "      nvl(sum(nvl(b.p02_debet,0))-sum(nvl(b.p02_kredit,0)),0) tot_feb,"
 "      nvl(sum(nvl(b.p03_debet,0))-sum(nvl(b.p03_kredit,0)),0) tot_mar,"
 "      nvl(sum(nvl(b.p04_debet,0))-sum(nvl(b.p04_kredit,0)),0) tot_apr,"
 "      nvl(sum(nvl(b.p05_debet,0))-sum(nvl(b.p05_kredit,0)),0) tot_may,"
 "      nvl(sum(nvl(b.p06_debet,0))-sum(nvl(b.p06_kredit,0)),0) tot_jun,"
 "      nvl(sum(nvl(b.p07_debet,0))-sum(nvl(b.p07_kredit,0)),0) tot_jul,"
 "      nvl(sum(nvl(b.p08_debet,0))-sum(nvl(b.p08_kredit,0)),0) tot_aug,"
 "      nvl(sum(nvl(b.p09_debet,0))-sum(nvl(b.p09_kredit,0)),0) tot_sep,"
 "      nvl(sum(nvl(b.p10_debet,0))-sum(nvl(b.p10_kredit,0)),0) tot_oct,"
 "      nvl(sum(nvl(b.p11_debet,0))-sum(nvl(b.p11_kredit,0)),0) tot_nov,"
 "      nvl(sum(nvl(b.p12_debet,0))-sum(nvl(b.p12_kredit,0)),0) tot_dec,"
 "                  nvl(sum(nvl(b.p13_debet,0))-sum(nvl(b.p13_kredit,0)),0) t"
 "ot_ajp,"
 "                  nvl(sum(nvl(b.p14_debet,0))-sum(nvl(b.p14_kredit,0)),0) t"
 "ot_ajt,"
 "      nvl(sum(nvl(b.p15_debet,0))-sum(nvl(b.p15_kredit,0)),0) tot_15,"
 "      nvl(sum(nvl(b.p16_debet,0))-sum(nvl(b.p16_kredit,0)),0) tot_16,"
 "                  nvl(sum(nvl(b.p17_debet,0))-sum(nvl(b.p17_kredit,0)),0) t"
 "ot_17,"
 "                  nvl(sum(nvl(b.p18_debet,0))-sum(nvl(b.p18_kredit,0)),0) t"
 "ot_18,"
 "                  ABS(NVL(AMBIL_SALDO_AWAL_IKH_BB(a.KD_BUKU_BESAR, 9, 2013)"
 ", 0)) SALDO_BULAN_LALU   "
 "from  kbbr_buku_besar a,  "
 "      kbbt_neraca_saldo b"
 "where a.kd_buku_besar = b.kd_buku_besar      "
 "and   b.thn_buku       = 2013 "
 "and   b.kd_valuta      = 'IDR' "
 "and   substr(a.kd_buku_besar,1,3) between '701' and '791'"
 "and a.kd_aktif ='A'"
 "group by GRUP_LEVEL1, a.kd_buku_besar, a.nm_buku_besar"
 "union all"
 "select"
 "      substr(a.kd_buku_besar,1,3) GRUP_LEVEL1,"
 "      substr(a.kd_buku_besar,5,5) GRUP_LEVEL2,"
 "      a.kd_buku_besar ke_buku_besar, a.nm_buku_besar,"
 "      sum(nvl(b.ANGG_TAHUNAN,0) )  anggaran,"
 "      0 tot_jan,"
 "      0 tot_feb,"
 "      0 tot_mar,"
 "      0 tot_apr,"
 "      0 tot_may,"
 "      0 tot_jun,"
 "      0 tot_jul,"
 "      0 tot_aug,"
 "      0 tot_sep,"
 "      0 tot_oct,"
 "      0 tot_nov, "
 "      0 tot_dec,"
 "                  0 tot_ajp,"
 "                  0 tot_ajt,    "
 "                  0 tot_15,"
 "                  0 tot_16,"
 "                  0 tot_17,"
 "                  0 tot_18, 0"
 "from  kbbr_buku_besar a,  "
 "      kbbt_neraca_angg b"
 "where a.kd_buku_besar = b.kd_buku_besar      "
 "and   b.thn_buku       = 2013 "
 "and   b.kd_valuta      = 'IDR' "
 "and   substr(a.kd_buku_besar,1,3) between '701' and '791'"
 "and a.kd_aktif ='A'"
 "group by GRUP_LEVEL1, a.kd_buku_besar, a.nm_buku_besar"
 ")"
 "UNION ALL"
 "SELECT 1 GROUP_SUM, 1 GROUP_LEVEL0, GRUP_LEVEL1, GRUP_LEVEL2, (SELECT NM_BU"
 "KU_BESAR FROM KBBR_BUKU_BESAR X WHERE A.GRUP_LEVEL1 || '.00.00' = X.KD_BUKU"
 "_BESAR) GROUP_NAMA, KD_BUKU_BESAR, NM_BUKU_BESAR, SUM(ANGGARAN) ANGGARAN, S"
 "UM(TOT_JAN) TOT_JAN, SUM(TOT_FEB) TOT_FEB, SUM(TOT_MAR) TOT_MAR, "
 "SUM(TOT_APR) TOT_APR, SUM(TOT_MAY) TOT_MAY, SUM(TOT_JUN) TOT_JUN, SUM(TOT_J"
 "UL) TOT_JUL, SUM(TOT_AUG) TOT_AUG, SUM(TOT_SEP) TOT_SEP, SUM(TOT_OCT) TOT_O"
 "CT, "
 "SUM(TOT_NOV) TOT_NOV, SUM(TOT_DEC) TOT_DEC, SUM(TOT_AJP) TOT_AJP, SUM(TOT_A"
 "JT) TOT_AJT, SUM(TOT_15) TOT_15, SUM(TOT_16) TOT_16, SUM(TOT_17) TOT_17, SU"
 "M(TOT_18) TOT_18, ABS(NVL(AMBIL_SALDO_AWAL_IKH_BB(KD_BUKU_BESAR, 9, 2013), "
 "0)) SALDO_BULAN_LALU      "
 "FROM"
 "("
 "select"
 "      substr(a.kd_buku_besar,1,3) GRUP_LEVEL1,"
 "      substr(a.kd_buku_besar,5,5) GRUP_LEVEL2,"
 "      a.kd_buku_besar kd_buku_besar, a.nm_buku_besar,"
 "                  0 anggaran,"
 "      nvl(sum(nvl(b.p01_debet,0))-sum(nvl(b.p01_kredit,0)),0) tot_jan,"
 "      nvl(sum(nvl(b.p02_debet,0))-sum(nvl(b.p02_kredit,0)),0) tot_feb,"
 "      nvl(sum(nvl(b.p03_debet,0))-sum(nvl(b.p03_kredit,0)),0) tot_mar,"
 "      nvl(sum(nvl(b.p04_debet,0))-sum(nvl(b.p04_kredit,0)),0) tot_apr,"
 "      nvl(sum(nvl(b.p05_debet,0))-sum(nvl(b.p05_kredit,0)),0) tot_may,"
 "      nvl(sum(nvl(b.p06_debet,0))-sum(nvl(b.p06_kredit,0)),0) tot_jun,"
 "      nvl(sum(nvl(b.p07_debet,0))-sum(nvl(b.p07_kredit,0)),0) tot_jul,"
 "      nvl(sum(nvl(b.p08_debet,0))-sum(nvl(b.p08_kredit,0)),0) tot_aug,"
 "      nvl(sum(nvl(b.p09_debet,0))-sum(nvl(b.p09_kredit,0)),0) tot_sep,"
 "      nvl(sum(nvl(b.p10_debet,0))-sum(nvl(b.p10_kredit,0)),0) tot_oct,"
 "      nvl(sum(nvl(b.p11_debet,0))-sum(nvl(b.p11_kredit,0)),0) tot_nov,"
 "      nvl(sum(nvl(b.p12_debet,0))-sum(nvl(b.p12_kredit,0)),0) tot_dec,"
 "                  nvl(sum(nvl(b.p13_debet,0))-sum(nvl(b.p13_kredit,0)),0) t"
 "ot_ajp,"
 "                  nvl(sum(nvl(b.p14_debet,0))-sum(nvl(b.p14_kredit,0)),0) t"
 "ot_ajt,"
 "      nvl(sum(nvl(b.p15_debet,0))-sum(nvl(b.p15_kredit,0)),0) tot_15,"
 "      nvl(sum(nvl(b.p16_debet,0))-sum(nvl(b.p16_kredit,0)),0) tot_16,"
 "                  nvl(sum(nvl(b.p17_debet,0))-sum(nvl(b.p17_kredit,0)),0) t"
 "ot_17,"
 "                  nvl(sum(nvl(b.p18_debet,0))-sum(nvl(b.p18_kredit,0)),0) t"
 "ot_18    "
 "from  kbbr_buku_besar a,  "
 "      kbbt_neraca_saldo b"
 "where a.kd_buku_besar = b.kd_buku_besar      "
 "and   b.thn_buku       = 2013 "
 "and   b.kd_valuta      = 'IDR' "
 "and   substr(a.kd_buku_besar,1,3) between '801' and '890'"
 "and a.kd_aktif ='A'"
 "group by GRUP_LEVEL1, a.kd_buku_besar, a.nm_buku_besar"
 "union all"
 "select"
 "      substr(a.kd_buku_besar,1,3) GRUP_LEVEL1,"
 "      substr(a.kd_buku_besar,5,5) GRUP_LEVEL2,"
 "      a.kd_buku_besar ke_buku_besar, a.nm_buku_besar,"
 "      sum(nvl(b.ANGG_TAHUNAN,0) )  anggaran,"
 "      0 tot_jan,"
 "      0 tot_feb,"
 "      0 tot_mar,"
 "      0 tot_apr,"
 "      0 tot_may,"
 "      0 tot_jun,"
 "      0 tot_jul,"
 "      0 tot_aug,"
 "      0 tot_sep,"
 "      0 tot_oct,"
 "      0 tot_nov, "
 "      0 tot_dec,"
 "                  0 tot_ajp,"
 "                  0 tot_ajt,    "
 "                  0 tot_15,"
 "                  0 tot_16,"
 "                  0 tot_17,"
 "                  0 tot_18"
 "from  kbbr_buku_besar a,  "
 "      kbbt_neraca_angg b"
 "where a.kd_buku_besar = b.kd_buku_besar      "
 "and   b.thn_buku       = 2013 "
 "and   b.kd_valuta      = 'IDR' "
 "and   substr(a.kd_buku_besar,1,3) between '801' and '890'"
 "and a.kd_aktif ='A'"
 "group by GRUP_LEVEL1, a.kd_buku_besar, a.nm_buku_besar"
 ") A"
 "GROUP BY GRUP_LEVEL1, GRUP_LEVEL2, KD_BUKU_BESAR, NM_BUKU_BESAR"
 "ORDER BY 1,2,3,4,5 "
IMP-00041: Warning: object created with compilation warnings
 "CREATE FORCE VIEW "PPI_SIUK"."LAPORAN_REAL_ANGG_PEND_PUSAT"                "
 "        ("GROUP_SUM","KD_LEVEL0","KD_LEVEL1","KD_LEVEL2","COA_NAME","NM_BUK"
 "U_BESAR","MG","SG","P_01_MUTA","P_02_MUTA","P_03_MUTA","P_04_MUTA","P_05_MU"
 "TA","P_06_MUTA","P_07_MUTA","P_08_MUTA","P_09_MUTA","P_10_MUTA","P_11_MUTA""
 ","P_12_MUTA","P_13_MUTA","P_14_MUTA","P_15_MUTA","P_16_MUTA","P_ANGG","SALD"
 "O_BULAN_LALU") AS "
 "SELECT 1 GROUP_SUM, 1 KD_LEVEL0, A.COA_ID KD_LEVEL1, KD_LEVEL2, B.NM_BUKU_B"
 "ESAR COA_NAME, A.NM_BUKU_BESAR, MG, SG, SUM(P_01_MUTA) P_01_MUTA,SUM(P_02_M"
 "UTA) P_02_MUTA,SUM(P_03_MUTA) P_03_MUTA,"
 "       SUM(P_04_MUTA) P_04_MUTA,SUM(P_05_MUTA) P_05_MUTA,SUM(P_06_MUTA) P_0"
 "6_MUTA"
 "       ,SUM(P_07_MUTA) P_07_MUTA,SUM(P_08_MUTA) P_08_MUTA,SUM(P_09_MUTA) P_"
 "09_MUTA,SUM(P_10_MUTA) P_10_MUTA,SUM(P_11_MUTA) P_11_MUTA,SUM(P_12_MUTA)  P"
 "_12_MUTA"
 "       ,SUM(P_13_MUTA) P_13_MUTA,SUM(P_14_MUTA) P_14_MUTA "
 "           ,SUM(P_15_MUTA) P_15_MUTA,SUM(P_16_MUTA) P_16_MUTA, CEIL(SUM(P_A"
 "NGG))  P_ANGG, ABS(NVL(AMBIL_SALDO_BL_ANGG_PEND_BIAYA(A.COA_ID || '.' || KD"
 "_LEVEL2, 9, 2013), 0)) SALDO_BULAN_LALU"
 "FROM"
 "(    "
 "SELECT  A.COA_ID COA_ID"
 "       ,REPLACE(A.KD_BUKU_BESAR,A.COA_ID||'.','') KD_LEVEL2  "
 "       ,B.NM_BUKU_BESAR NM_BUKU_BESAR"
 "       ,CASE WHEN SUBSTR(A.COA_ID,1,3) IN (831, 832) THEN 2 ELSE DECODE(SUB"
 "STR(A.COA_ID,1,2),88,2,1) END MG"
 "       ,DECODE(SUBSTR(A.COA_ID,1,2),'80',1,'81',1,'82',1,'83',1,'85',2,'86'"
 ",3,'88',4,'87',2,'90',2,'99',2,NULL) SG"
 "       , P_01_MUTA ,P_02_MUTA ,P_03_MUTA ,P_04_MUTA ,P_05_MUTA ,P_06_MUTA"
 "       , P_07_MUTA ,P_08_MUTA ,P_09_MUTA ,P_10_MUTA ,P_11_MUTA , P_12_MUTA "
 "       , P_13_MUTA, P_14_MUTA , P_15_MUTA, P_16_MUTA, P_17_MUTA, P_18_MUTA "
 "             "
 "       ,P_ANGG "
 "FROM ( "
 "    SELECT "
 "       TO_NUMBER(SUBSTR(A.KD_BUKU_BESAR,1,3)) COA_ID "
 "       ,A.KD_BUKU_BESAR"
 "       ,0 P_01_MUTA"
 "       ,0 P_02_MUTA"
 "       ,0 P_03_MUTA"
 "       ,0 P_04_MUTA"
 "       ,0 P_05_MUTA"
 "       ,0 P_06_MUTA"
 "       ,0 P_07_MUTA"
 "       ,0 P_08_MUTA"
 "       ,0 P_09_MUTA"
 "       ,0 P_10_MUTA"
 "       ,0 P_11_MUTA"
 "       ,0 P_12_MUTA "
 "       ,0 P_13_MUTA "
 "       ,0 P_14_MUTA "
 "      ,0 P_15_MUTA "
 "       ,0 P_16_MUTA "
 "      ,0 P_17_MUTA "
 "       ,0 P_18_MUTA "
 "   ,SUM( NVL( B.ANGG_TAHUNAN,0 ) )  P_ANGG "
 "       FROM KBBR_BUKU_PUSAT A"
 "       ,KBBT_NERACA_ANGG B"
 "       WHERE ((TO_NUMBER(SUBSTR(A.KD_BUKU_BESAR,1,3)) BETWEEN 801 AND 832)"
 "       OR (TO_NUMBER(SUBSTR(A.KD_BUKU_BESAR,1,3)) BETWEEN 850 AND 856)"
 "       OR (TO_NUMBER(SUBSTR(A.KD_BUKU_BESAR,1,3)) BETWEEN 860 AND 864)"
 "       OR (TO_NUMBER(SUBSTR(A.KD_BUKU_BESAR,1,3)) BETWEEN 880 AND 880) "
 "       OR  A.KD_BUKU_BESAR LIKE '990%'"
 "       OR  A.KD_BUKU_BESAR LIKE '870%'"
 "                   OR  A.KD_BUKU_BESAR LIKE '90%')"
 "       AND A.KD_BUKU_BESAR = B.KD_BUKU_PUSAT"
 "       AND B.KD_VALUTA='IDR'"
 "       AND B.THN_BUKU =2013       "
 "       GROUP BY TO_NUMBER(SUBSTR(A.KD_BUKU_BESAR,1,3)),A.KD_BUKU_BESAR"
 "        ) A,"
 "KBBR_BUKU_PUSAT B"
 "WHERE A.KD_BUKU_BESAR = B.KD_BUKU_BESAR"
 "UNION ALL"
 "SELECT  A.COA_ID COA_ID"
 "       ,REPLACE(A.KD_BUKU_BESAR,A.COA_ID||'.','') KD_LEVEL2  "
 "       ,B.NM_BUKU_BESAR NM_BUKU_BESAR"
 "       ,CASE WHEN SUBSTR(A.COA_ID,1,3) IN (831, 832) THEN 2 ELSE DECODE(SUB"
 "STR(A.COA_ID,1,2),88,2,1) END MG"
 "       ,DECODE(SUBSTR(A.COA_ID,1,2),'80',1,'81',1,'82',1,'83',1,'85',2,'86'"
 ",3,'88',4,'87',2,'90',2,'99',2,NULL) SG"
 "       , P_01_MUTA ,P_02_MUTA ,P_03_MUTA ,P_04_MUTA ,P_05_MUTA ,P_06_MUTA"
 "       , P_07_MUTA ,P_08_MUTA ,P_09_MUTA ,P_10_MUTA ,P_11_MUTA , P_12_MUTA "
 "       , P_13_MUTA, P_14_MUTA , P_15_MUTA, P_16_MUTA, P_17_MUTA, P_18_MUTA "
 "       ,P_ANGG "
 "FROM ( "
 "    SELECT "
 "       TO_NUMBER(SUBSTR(A.KD_BUKU_BESAR,1,3)) COA_ID "
 "       ,A.KD_BUKU_BESAR"
 "       ,NVL(SUM(NVL(P01_DEBET,0))-SUM(NVL(P01_KREDIT,0)),0) P_01_MUTA"
 "       ,NVL(SUM(NVL(P02_DEBET,0))-SUM(NVL(P02_KREDIT,0)),0) P_02_MUTA"
 "       ,NVL(SUM(NVL(P03_DEBET,0))-SUM(NVL(P03_KREDIT,0)),0) P_03_MUTA"
 "       ,NVL(SUM(NVL(P04_DEBET,0))-SUM(NVL(P04_KREDIT,0)),0) P_04_MUTA"
 "       ,NVL(SUM(NVL(P05_DEBET,0))-SUM(NVL(P05_KREDIT,0)),0) P_05_MUTA"
 "       ,NVL(SUM(NVL(P06_DEBET,0))-SUM(NVL(P06_KREDIT,0)),0) P_06_MUTA"
 "       ,NVL(SUM(NVL(P07_DEBET,0))-SUM(NVL(P07_KREDIT,0)),0) P_07_MUTA"
 "       ,NVL(SUM(NVL(P08_DEBET,0))-SUM(NVL(P08_KREDIT,0)),0) P_08_MUTA"
 "       ,NVL(SUM(NVL(P09_DEBET,0))-SUM(NVL(P09_KREDIT,0)),0) P_09_MUTA"
 "       ,NVL(SUM(NVL(P10_DEBET,0))-SUM(NVL(P10_KREDIT,0)),0) P_10_MUTA"
 "       ,NVL(SUM(NVL(P11_DEBET,0))-SUM(NVL(P11_KREDIT,0)),0) P_11_MUTA"
 "       ,NVL(SUM(NVL(P12_DEBET,0))-SUM(NVL(P12_KREDIT,0)),0) P_12_MUTA "
 "       ,NVL(SUM(NVL(P13_DEBET,0))-SUM(NVL(P13_KREDIT,0)),0) P_13_MUTA "
 "       ,NVL(SUM(NVL(P14_DEBET,0))-SUM(NVL(P14_KREDIT,0)),0) P_14_MUTA "
 "       ,NVL(SUM(NVL(P15_DEBET,0))-SUM(NVL(P15_KREDIT,0)),0) P_15_MUTA "
 "       ,NVL(SUM(NVL(P16_DEBET,0))-SUM(NVL(P16_KREDIT,0)),0) P_16_MUTA "
 "       ,NVL(SUM(NVL(P17_DEBET,0))-SUM(NVL(P17_KREDIT,0)),0) P_17_MUTA "
 "       ,NVL(SUM(NVL(P18_DEBET,0))-SUM(NVL(P18_KREDIT,0)),0) P_18_MUTA "
 "       ,0 P_ANGG "
 "       FROM KBBR_BUKU_PUSAT A"
 "               ,KBBT_NERACA_SALDO B"
 "       WHERE ((TO_NUMBER(SUBSTR(A.KD_BUKU_BESAR,1,3)) BETWEEN 801 AND 832)"
 "       OR (TO_NUMBER(SUBSTR(A.KD_BUKU_BESAR,1,3)) BETWEEN 850 AND 856)"
 "       OR (TO_NUMBER(SUBSTR(A.KD_BUKU_BESAR,1,3)) BETWEEN 860 AND 864)"
 "       OR (TO_NUMBER(SUBSTR(A.KD_BUKU_BESAR,1,3)) BETWEEN 880 AND 880)"
 "       OR  A.KD_BUKU_BESAR LIKE '870%'"
 "       OR  A.KD_BUKU_BESAR LIKE '990%'"
 "OR  A.KD_BUKU_BESAR LIKE '90%')"
 "       AND A.KD_BUKU_BESAR = B.KD_BUKU_PUSAT"
 "       AND B.KD_VALUTA='IDR'"
 "       AND B.THN_BUKU =2013       "
 "       GROUP BY TO_NUMBER(SUBSTR(A.KD_BUKU_BESAR,1,3)),A.KD_BUKU_BESAR"
 "        ) A,"
 "KBBR_BUKU_PUSAT B"
 "WHERE A.KD_BUKU_BESAR = B.KD_BUKU_BESAR"
 ")  A INNER JOIN KBBR_BUKU_PUSAT B ON A.COA_ID || '.00.00' = KD_BUKU_BESAR"
 "GROUP BY A.COA_ID, B.NM_BUKU_BESAR, KD_LEVEL2, A.NM_BUKU_BESAR, MG, SG"
 "UNION ALL"
 "SELECT 1, NULL GROUP_LEVEL0, NULL GRUP_LEVEL1, NULL GRUP_LEVEL2, NULL, NULL"
 ", NULL, NULL, ABS(SUM(TOT_JAN)) TOT_JAN, ABS(SUM(TOT_FEB)) TOT_FEB, ABS(SUM"
 "(TOT_MAR)) TOT_MAR, "
 "ABS(SUM(TOT_APR)) TOT_APR, ABS(SUM(TOT_MAY)) TOT_MAY, ABS(SUM(TOT_JUN)) TOT"
 "_JUN, ABS(SUM(TOT_JUL)) TOT_JUL, ABS(SUM(TOT_AUG)) TOT_AUG, ABS(SUM(TOT_SEP"
 ")) TOT_SEP, ABS(SUM(TOT_OCT)) TOT_OCT, "
 "ABS(SUM(TOT_NOV)) TOT_NOV, ABS(SUM(TOT_DEC)) TOT_DEC, ABS(SUM(TOT_AJP)) TOT"
 "_AJP, ABS(SUM(TOT_AJT)) TOT_AJT, ABS(SUM(TOT_15)) TOT_15, ABS(SUM(TOT_16)) "
 "TOT_16, ABS(SUM(ANGGARAN)) ANGGARAN,  ABS(SUM(SALDO_BULAN_LALU)) SALDO_BULA"
 "N_LALU    "
 "FROM"
 "("
 "select"
 "      substr(a.kd_buku_besar,1,3) GRUP_LEVEL1,"
 "      substr(a.kd_buku_besar,5,5) GRUP_LEVEL2,"
 "      a.kd_buku_besar kd_buku_besar,"
 "                  0 anggaran,"
 "      nvl(sum(nvl(b.p01_debet,0))-sum(nvl(b.p01_kredit,0)),0) tot_jan,"
 "      nvl(sum(nvl(b.p02_debet,0))-sum(nvl(b.p02_kredit,0)),0) tot_feb,"
 "      nvl(sum(nvl(b.p03_debet,0))-sum(nvl(b.p03_kredit,0)),0) tot_mar,"
 "      nvl(sum(nvl(b.p04_debet,0))-sum(nvl(b.p04_kredit,0)),0) tot_apr,"
 "      nvl(sum(nvl(b.p05_debet,0))-sum(nvl(b.p05_kredit,0)),0) tot_may,"
 "      nvl(sum(nvl(b.p06_debet,0))-sum(nvl(b.p06_kredit,0)),0) tot_jun,"
 "      nvl(sum(nvl(b.p07_debet,0))-sum(nvl(b.p07_kredit,0)),0) tot_jul,"
 "      nvl(sum(nvl(b.p08_debet,0))-sum(nvl(b.p08_kredit,0)),0) tot_aug,"
 "      nvl(sum(nvl(b.p09_debet,0))-sum(nvl(b.p09_kredit,0)),0) tot_sep,"
 "      nvl(sum(nvl(b.p10_debet,0))-sum(nvl(b.p10_kredit,0)),0) tot_oct,"
 "      nvl(sum(nvl(b.p11_debet,0))-sum(nvl(b.p11_kredit,0)),0) tot_nov,"
 "      nvl(sum(nvl(b.p12_debet,0))-sum(nvl(b.p12_kredit,0)),0) tot_dec,"
 "                  nvl(sum(nvl(b.p13_debet,0))-sum(nvl(b.p13_kredit,0)),0) t"
 "ot_ajp,"
 "                  nvl(sum(nvl(b.p14_debet,0))-sum(nvl(b.p14_kredit,0)),0) t"
 "ot_ajt,"
 "      nvl(sum(nvl(b.p15_debet,0))-sum(nvl(b.p15_kredit,0)),0) tot_15,"
 "      nvl(sum(nvl(b.p16_debet,0))-sum(nvl(b.p16_kredit,0)),0) tot_16,"
 "                  nvl(sum(nvl(b.p17_debet,0))-sum(nvl(b.p17_kredit,0)),0) t"
 "ot_17,"
 "                  nvl(sum(nvl(b.p18_debet,0))-sum(nvl(b.p18_kredit,0)),0) t"
 "ot_18,"
 "                  ABS(NVL(AMBIL_SALDO_AWAL_IKH_BB(a.KD_BUKU_BESAR, 9, 2013)"
 ", 0)) SALDO_BULAN_LALU   "
 "from  kbbr_buku_besar a,  "
 "      kbbt_neraca_saldo b"
 "where a.kd_buku_besar = b.kd_buku_besar      "
 "and   b.thn_buku       = 2013 "
 "and   b.kd_valuta      = 'IDR' "
 "and   substr(a.kd_buku_besar,1,3) between '701' and '791'"
 "and a.kd_aktif ='A'"
 "group by GRUP_LEVEL1, a.kd_buku_besar, a.nm_buku_besar"
 "union all"
 "select"
 "      substr(a.kd_buku_besar,1,3) GRUP_LEVEL1,"
 "      substr(a.kd_buku_besar,5,5) GRUP_LEVEL2,"
 "      a.kd_buku_besar ke_buku_besar,"
 "      sum(nvl(b.ANGG_TAHUNAN,0) )  anggaran,"
 "      0 tot_jan,"
 "      0 tot_feb,"
 "      0 tot_mar,"
 "      0 tot_apr,"
 "      0 tot_may,"
 "      0 tot_jun,"
 "      0 tot_jul,"
 "      0 tot_aug,"
 "      0 tot_sep,"
 "      0 tot_oct,"
 "      0 tot_nov, "
 "      0 tot_dec,"
 "                  0 tot_ajp,"
 "                  0 tot_ajt,    "
 "                  0 tot_15,"
 "                  0 tot_16,"
 "                  0 tot_17,"
 "                  0 tot_18, 0"
 "from  kbbr_buku_besar a,  "
 "      kbbt_neraca_angg b"
 "where a.kd_buku_besar = b.kd_buku_besar      "
 "and   b.thn_buku       = 2013 "
 "and   b.kd_valuta      = 'IDR' "
 "and   substr(a.kd_buku_besar,1,3) between '701' and '791'"
 "and a.kd_aktif ='A'"
 "group by GRUP_LEVEL1, a.kd_buku_besar, a.nm_buku_besar"
 ")"
 "ORDER BY 1,2,3 "
IMP-00041: Warning: object created with compilation warnings
 "CREATE FORCE VIEW "PPI_SIUK"."LAPORAN_IKHTISAR_BBESAR_VAL"                 "
 "       ("KD_LEVEL0","KD_LEVEL1","KD_LEVEL2","COA_NAME","KD","NM_BUKU_BESAR""
 ","P01_DEBET","P02_DEBET","P03_DEBET","P04_DEBET","P05_DEBET","P06_DEBET","P"
 "07_DEBET","P08_DEBET","P09_DEBET","P10_DEBET","P11_DEBET","P12_DEBET","P13_"
 "DEBET","P14_DEBET","PSALDO_AWAL","P01_KREDIT","P02_KREDIT","P03_KREDIT","P0"
 "4_KREDIT","P05_KREDIT","P06_KREDIT","P07_KREDIT","P08_KREDIT","P09_KREDIT","
 ""P10_KREDIT","P11_KREDIT","P12_KREDIT","P13_KREDIT","P14_KREDIT","SALDO_BUL"
 "AN_LALU","D_K_SALDO_BULAN_AWAL","DEBET_BI","KREDIT_BI") AS "
 "SELECT  "
 "1 KD_LEVEL0, A.COA_ID KD_LEVEL1, REPLACE(KD,A.COA_ID||'.')  KD_LEVEL2, (SEL"
 "ECT NM_BUKU_BESAR FROM KBBR_BUKU_BESAR X WHERE A.COA_ID || '.00.00' = X.KD_"
 "BUKU_BESAR) COA_NAME, KD KD, NM_BUKU_BESAR"
 ", P01_DEBET, P02_DEBET, P03_DEBET, P04_DEBET, P05_DEBET, P06_DEBET"
 ", P07_DEBET, P08_DEBET, P09_DEBET, P10_DEBET, P11_DEBET, P12_DEBET"
 ",P13_DEBET, P14_DEBET"
 ", PSALDO_AWAL"
 ", P01_KREDIT, P02_KREDIT, P03_KREDIT, P04_KREDIT, P05_KREDIT, P06_KREDIT"
 ", P07_KREDIT, P08_KREDIT, P09_KREDIT, P10_KREDIT, P11_KREDIT, P12_KREDIT"
 ",P13_KREDIT, P14_KREDIT, AMBIL_SALDO_AWAL_IKH_BB_VAL(KD, 9, 2013) SALDO_BUL"
 "AN_LALU, CASE WHEN AMBIL_SALDO_AWAL_IKH_BB_VAL(KD, 9, 2013) > 0 THEN 'D' WH"
 "EN AMBIL_SALDO_AWAL_IKH_BB_VAL(KD, 9, 2013) = 0 THEN NULL ELSE 'K' END D_K_"
 "SALDO_BULAN_AWAL, AMBIL_DEBET_BL_INI_IKH_BB_VAL(KD, 9, 2013) DEBET_BI, AMBI"
 "L_KREDIT_BL_INI_IKH_BB_VAL(KD, 9, 2013) KREDIT_BI"
 "FROM ( "
 "SELECT "
 "SUBSTR(A.COA_ID,1,(LENGTH(COA_ID)-1)) COA_ID"
 ",A.KD_BUKU_BESAR KD"
 ",(SUM(NVL(C.AWAL_DEBET,0)) - SUM(NVL(C.AWAL_KREDIT,0))) PSALDO_AWAL"
 ",SUM(NVL(C.P01_DEBET,0)) P01_DEBET, SUM(NVL(C.P02_DEBET,0)) P02_DEBET, SUM("
 "NVL(C.P03_DEBET,0)) P03_DEBET"
 ",SUM(NVL(C.P04_DEBET,0)) P04_DEBET, SUM(NVL(C.P05_DEBET,0)) P05_DEBET, SUM("
 "NVL(C.P06_DEBET,0)) P06_DEBET"
 ",SUM(NVL(C.P07_DEBET,0)) P07_DEBET, SUM(NVL(C.P08_DEBET,0)) P08_DEBET, SUM("
 "NVL(C.P09_DEBET,0)) P09_DEBET"
 ",SUM(NVL(C.P10_DEBET,0)) P10_DEBET, SUM(NVL(C.P11_DEBET,0)) P11_DEBET, SUM("
 "NVL(C.P12_DEBET,0)) P12_DEBET "
 ",SUM(NVL(C.P13_DEBET,0)) P13_DEBET, SUM(NVL(C.P14_DEBET,0)) P14_DEBET "
 ",SUM(NVL(C.P01_KREDIT,0)) P01_KREDIT, SUM(NVL(C.P02_KREDIT,0)) P02_KREDIT, "
 "SUM(NVL(C.P03_KREDIT,0)) P03_KREDIT"
 ",SUM(NVL(C.P04_KREDIT,0)) P04_KREDIT, SUM(NVL(C.P05_KREDIT,0)) P05_KREDIT, "
 "SUM(NVL(C.P06_KREDIT,0)) P06_KREDIT"
 ",SUM(NVL(C.P07_KREDIT,0)) P07_KREDIT, SUM(NVL(C.P08_KREDIT,0)) P08_KREDIT, "
 "SUM(NVL(C.P09_KREDIT,0)) P09_KREDIT"
 ",SUM(NVL(C.P10_KREDIT,0)) P10_KREDIT, SUM(NVL(C.P11_KREDIT,0)) P11_KREDIT, "
 "SUM(NVL(C.P12_KREDIT,0)) P12_KREDIT"
 ",SUM(NVL(C.P13_KREDIT,0)) P13_KREDIT, SUM(NVL(C.P14_KREDIT,0)) P14_KREDIT"
 "FROM KBBR_BUKU_BESAR A"
 ",KBBT_NERACA_SALDO C"
 "WHERE "
 "A.KD_BUKU_BESAR = C.KD_BUKU_BESAR "
 "AND A.KD_BUKU_BESAR <> '606.02.00'"
 "AND C.KD_VALUTA='USD' "
 "AND C.THN_BUKU = 2013"
 "GROUP BY A.KD_BUKU_BESAR, A.COA_ID"
 ") A,"
 "KBBR_BUKU_BESAR B"
 "WHERE  A.KD = B.KD_BUKU_BESAR"
 "ORDER BY A.COA_ID "
IMP-00041: Warning: object created with compilation warnings
 "CREATE FORCE VIEW "PPI_SIUK"."LAPORAN_IKHTISAR_BBANTU_VAL"                 "
 "       ("COA_ID","KD_LEVEL1","NM_BUKU_BESAR","KD_LEVEL2","NM_KARTU","P01_DE"
 "BET","P02_DEBET","P03_DEBET","P04_DEBET","P05_DEBET","P06_DEBET","P07_DEBET"
 "","P08_DEBET","P09_DEBET","P10_DEBET","P11_DEBET","P12_DEBET","P13_DEBET",""
 "P14_DEBET","PSALDO_AWAL","P01_KREDIT","P02_KREDIT","P03_KREDIT","P04_KREDIT"
 "","P05_KREDIT","P06_KREDIT","P07_KREDIT","P08_KREDIT","P09_KREDIT","P10_KRE"
 "DIT","P11_KREDIT","P12_KREDIT","P13_KREDIT","P14_KREDIT","SALDO_BULAN_LALU""
 ","DEBET_BI","KREDIT_BI") AS "
 "SELECT  A.COA_ID, KD KD_LEVEL1,UPPER(NM_BUKU_BESAR) NM_BUKU_BESAR , KD_KART"
 "U KD_LEVEL2, NM_KARTU"
 "       , P01_DEBET, P02_DEBET, P03_DEBET, P04_DEBET, P05_DEBET, P06_DEBET"
 "       , P07_DEBET, P08_DEBET, P09_DEBET, P10_DEBET, P11_DEBET, P12_DEBET"
 "                   , P13_DEBET, P14_DEBET"
 "                    ,PSALDO_AWAL"
 "       , P01_KREDIT, P02_KREDIT, P03_KREDIT, P04_KREDIT, P05_KREDIT, P06_KR"
 "EDIT"
 "       , P07_KREDIT, P08_KREDIT, P09_KREDIT, P10_KREDIT, P11_KREDIT, P12_KR"
 "EDIT, P13_KREDIT, P14_KREDIT, "
 "       AMBIL_SALDO_AWAL_IKH_BANTU_VAL(KD, KD_KARTU, 9, 2013) SALDO_BULAN_LA"
 "LU, AMBIL_DBT_BL_INI_IKH_BANTU_VAL(KD, KD_KARTU, 9, 2013) DEBET_BI, AMBIL_K"
 "DT_BL_INI_IKH_BANTU_VAL(KD, KD_KARTU, 9, 2013) KREDIT_BI"
 "FROM ( "
 "    SELECT "
 "          SUBSTR(A.KD_BUKU_BESAR,1,3) COA_ID"
 "       ,A.KD_BUKU_BESAR KD, C.KD_SUB_BANTU KD_KARTU, "
 "                    D.NM_SUB_BANTU NM_KARTU"
 "                   ,(SUM(NVL(C.AWAL_DEBET,0)) - SUM(NVL(C.AWAL_KREDIT,0))) "
 "PSALDO_AWAL"
 "       ,SUM(NVL(C.P01_DEBET,0)) P01_DEBET, SUM(NVL(C.P02_DEBET,0)) P02_DEBE"
 "T, SUM(NVL(C.P03_DEBET,0)) P03_DEBET"
 "       ,SUM(NVL(C.P04_DEBET,0)) P04_DEBET, SUM(NVL(C.P05_DEBET,0)) P05_DEBE"
 "T, SUM(NVL(C.P06_DEBET,0)) P06_DEBET"
 "       ,SUM(NVL(C.P07_DEBET,0)) P07_DEBET, SUM(NVL(C.P08_DEBET,0)) P08_DEBE"
 "T, SUM(NVL(C.P09_DEBET,0)) P09_DEBET"
 "       ,SUM(NVL(C.P10_DEBET,0)) P10_DEBET, SUM(NVL(C.P11_DEBET,0)) P11_DEBE"
 "T, SUM(NVL(C.P12_DEBET,0)) P12_DEBET "
 "                   ,SUM(NVL(C.P13_DEBET,0)) P13_DEBET, SUM(NVL(C.P14_DEBET,"
 "0)) P14_DEBET"
 "       ,SUM(NVL(C.P01_KREDIT,0)) P01_KREDIT, SUM(NVL(C.P02_KREDIT,0)) P02_K"
 "REDIT, SUM(NVL(C.P03_KREDIT,0)) P03_KREDIT"
 "       ,SUM(NVL(C.P04_KREDIT,0)) P04_KREDIT, SUM(NVL(C.P05_KREDIT,0)) P05_K"
 "REDIT, SUM(NVL(C.P06_KREDIT,0)) P06_KREDIT"
 "       ,SUM(NVL(C.P07_KREDIT,0)) P07_KREDIT, SUM(NVL(C.P08_KREDIT,0)) P08_K"
 "REDIT, SUM(NVL(C.P09_KREDIT,0)) P09_KREDIT"
 "       ,SUM(NVL(C.P10_KREDIT,0)) P10_KREDIT, SUM(NVL(C.P11_KREDIT,0)) P11_K"
 "REDIT, SUM(NVL(C.P12_KREDIT,0)) P12_KREDIT"
 "                  ,SUM(NVL(C.P13_KREDIT,0)) P13_KREDIT, SUM(NVL(C.P14_KREDI"
 "T,0)) P14_KREDIT"
 "       FROM KBBR_BUKU_BESAR A"
 "            ,KBBT_NERACA_SALDO C"
 "            ,KBBR_KARTU_TAMBAH D"
 "       WHERE  A.KD_BUKU_BESAR = C.KD_BUKU_BESAR "
 "       AND C.KD_SUB_BANTU <> '00000'"
 "       AND C.KD_SUB_BANTU = D.KD_SUB_BANTU (+)"
 "       AND SUBSTR(A.KD_BUKU_BESAR,1,3) NOT BETWEEN '701' AND '711'"
 "       AND SUBSTR(A.KD_BUKU_BESAR,1,3) <> '791' "
 "       AND C.KD_VALUTA='USD'"
 "       AND C.THN_BUKU = 2013"
 "       GROUP BY A.KD_BUKU_BESAR, A.COA_ID, C.KD_SUB_BANTU, D.NM_SUB_BANTU "
 "       ) A,"
 "KBBR_BUKU_BESAR B"
 "WHERE  A.KD = B.KD_BUKU_BESAR"
 "ORDER BY A.COA_ID "
IMP-00041: Warning: object created with compilation warnings
 "CREATE FORCE VIEW "PPI_SIUK"."LAPORAN_HR_BUKU_BANTU_NERACA"                "
 "        ("KD_REKENING","NM_REKENING","KD_KARTU","NM_KARTU","TGL_ENTRY","NO_"
 "BUKTI","NOMOR_BUKTI","NO_POSTING","KET_TAMBAH","RP_DEBET","RP_KREDIT","KET_"
 "REF_DATA","SALDO_AWAL","KD_LAWAN") AS "
 "SELECT DISTINCT"
 "P.KD_BUKU_BESAR             KD_REKENING,"
 "P.NM_BUKU_BESAR                 NM_REKENING,"
 "Q.KD_SUB_BANTU              KD_KARTU,"
 "NM_SUB_BANTU                                  NM_KARTU,"
 "TO_DATE('01/01/'||'2013','DD/MM/RRRR')"
 "                                   TGL_ENTRY,"
 "NULL                         NO_BUKTI,  "
 "NULL                        NOMOR_BUKTI,"
 "'00000'                           NO_POSTING,"
 "NULL                           KET_TAMBAH,"
 "0                                 RP_DEBET,"
 "0                                RP_KREDIT,"
 "'1'                            KET_REF_DATA,"
 "AMBIL_SALDO_AWAL_IKH_BBANTU(P.KD_BUKU_BESAR, Q.KD_SUB_BANTU, 9, 2013) SALDO"
 "_AWAL, NULL"
 "FROM"
 "KBBR_BUKU_BESAR P,"
 "KBBT_NERACA_SALDO Q,"
 "KBBR_KARTU_TAMBAH R"
 "WHERE"
 "         P.KD_BUKU_BESAR = Q.KD_BUKU_BESAR"
 "AND Q.KD_SUB_BANTU = R.KD_SUB_BANTU(+)"
 "AND Q.THN_BUKU = 2013"
 "--AND P.GRUP_DTL_KODE = 'D'"
 "AND Q.KD_BUKU_BESAR BETWEEN NVL(NULL,Q.KD_BUKU_BESAR)   AND   NVL('891.00.0"
 "0',Q.KD_BUKU_BESAR)"
 "AND Q.KD_SUB_BANTU   BETWEEN NVL(NULL,Q.KD_SUB_BANTU)      AND   NVL('00887"
 "',Q.KD_SUB_BANTU)"
 "AND Q.KD_SUB_BANTU <> '00000'"
 "UNION ALL"
 "SELECT"
 "A.KD_BUKU_BESAR             KD_REKENING,"
 "A.NM_BUKU_BESAR             NM_REKENING,"
 "D.KD_SUB_BANTU              KD_KARTU,"
 "E.NM_SUB_BANTU              NM_KARTU,"
 "C.TGL_POSTING                   TGL_ENTRY,"
 "D.NO_NOTA                 NO_BUKTI,  "
 "D.NO_NOTA||' '||D.NO_SEQ     NOMOR_BUKTI,"
 "C.NO_POSTING                   NO_POSTING,"
 "DECODE(D.KET_TAMBAH,NULL,C.KET_TAMBAH,D.KET_TAMBAH)      || ' ~ ' || C.NM_A"
 "GEN_PERUSH             KET_TAMBAH,"
 "NVL(D.SALDO_RP_DEBET,0)                     RP_DEBET,"
 "NVL(D.SALDO_RP_KREDIT,0)                     RP_KREDIT,"
 "F.KET_REF_DATA                KET_REF_DATA, 0, (SELECT MAX(KD_BUKU_BESAR) F"
 "ROM KBBT_JUR_BB_D X WHERE C.NO_NOTA = X.NO_NOTA AND X.KD_SUB_BANTU = C.KD_K"
 "USTO) KD_LAWAN"
 "FROM"
 "KBBR_BUKU_BESAR A,"
 "KBBT_JUR_BB C,"
 "KBBT_JUR_BB_D D,"
 "KBBR_KARTU_TAMBAH E,"
 "KBBR_GENERAL_REF_D F"
 "WHERE "
 "         A.KD_BUKU_BESAR = D.KD_BUKU_BESAR"
 "AND D.KD_SUB_BANTU = E.KD_SUB_BANTU(+)"
 "AND D.NO_NOTA = C.NO_NOTA"
 "AND C.THN_BUKU = 2013"
 "AND C.BLN_BUKU = '09'        "
 "AND C.NO_POSTING IS NOT NULL"
 "AND F.ID_REF_FILE = 'URUT JURNAL'"
 "AND F. ID_REF_DATA = D.KD_JURNAL"
 "AND D.KD_BUKU_BESAR BETWEEN NVL(NULL,D.KD_BUKU_BESAR)   AND   NVL(trim('891"
 ".00.00'),D.KD_BUKU_BESAR)"
 "AND D.KD_SUB_BANTU   BETWEEN NVL(NULL,D.KD_SUB_BANTU)      AND   NVL(trim('"
 "00887'),D.KD_SUB_BANTU)"
 "AND D.KD_SUB_BANTU <> '00000'"
 "ORDER BY 1,3,12,8,5 "
IMP-00041: Warning: object created with compilation warnings
 "CREATE FORCE VIEW "PPI_SIUK"."LAPORAN_HR_BK_BANTU_PST_BIAYA"               "
 "         ("KD_REKENING","TGL_ENTRY","NOMOR_BUKTI","NO_POSTING","KET_TAMBAH""
 ","KD","NM_REKENING","RP_DEBET","RP_KREDIT","KET_REF_DATA","SALDO_AWAL") AS "
 "SELECT DISTINCT"
 "P.KD_BUKU_BESAR                     KD_REKENING,"
 "SYSDATE"
 "                                       TGL_ENTRY, "
 "''                                     NOMOR_BUKTI,"
 "''                                   NO_POSTING,"
 "'SALDO AWAL'                                   KET_TAMBAH,"
 "''                                     KD,   "
 "P.NM_BUKU_BESAR                                 NM_REKENING,"
 "0                                         RP_DEBET,"
 "0                                        RP_KREDIT,"
 "'1'                                    KET_REF_DATA, AMBIL_SALDO_BL_ANGG_PE"
 "ND_BIAYA(P.KD_BUKU_BESAR,9, 2013) SALDO_AWAL"
 "FROM  KBBR_BUKU_PUSAT P, KBBT_NERACA_SALDO Q"
 "WHERE P.KD_BUKU_BESAR = Q.KD_BUKU_PUSAT"
 "AND   Q.THN_BUKU = '2013'"
 "AND   P.KD_BUKU_BESAR BETWEEN NVL('499.99.01','801.01.00') AND NVL('990.02."
 "00','888.88.88')"
 "UNION ALL"
 "SELECT "
 "A.KD_BUKU_BESAR                     KD_REKENING,"
 "C.TGL_POSTING                           TGL_ENTRY, "
 "C.NO_NOTA||' '||D.NO_SEQ             NOMOR_BUKTI,"
 "C.NO_POSTING                           NO_POSTING,"
 "C.KET_TAMBAH    || ' ~ ' || C.NM_AGEN_PERUSH                       KET_TAMB"
 "AH,"
 "D.KD_BUKU_BESAR                     KD,   "
 "A.NM_BUKU_BESAR                     NM_REKENING,"
 "NVL(D.SALDO_RP_DEBET,0)             RP_DEBET,"
 "NVL(D.SALDO_RP_KREDIT,0)             RP_KREDIT,"
 "E.KET_REF_DATA                        KET_REF_DATA, NULL"
 "FROM"
 "KBBR_BUKU_PUSAT A,"
 "KBBT_JUR_BB C,"
 "KBBT_JUR_BB_D D,"
 "KBBR_GENERAL_REF_D E"
 "WHERE    "
 "A.KD_BUKU_BESAR  = D.KD_BUKU_PUSAT"
 "AND A.GRUP_DTL_KODE <> 'H'"
 "AND D.NO_NOTA = C.NO_NOTA"
 "AND C.THN_BUKU = '2013'"
 "AND C.BLN_BUKU = '09'        "
 "AND C.NO_POSTING IS NOT NULL"
 "AND E.ID_REF_FILE = 'URUT JURNAL'"
 "AND E.ID_REF_DATA = D.KD_JURNAL"
 "AND A.KD_BUKU_BESAR BETWEEN NVL('499.99.01','801.01.00') AND NVL('990.02.00"
 "','888.88.88')"
 "ORDER BY 1,10,4,2,3 "
IMP-00041: Warning: object created with compilation warnings
 "CREATE FORCE VIEW "PPI_SIUK"."LAPORAN_HR_BK_BANTU_JNS_BIAYA"               "
 "         ("KD_REKENING","TGL_ENTRY","NOMOR_BUKTI","NO_URUT","NO_POSTING","K"
 "ET_TAMBAH","KD","NM_REKENING","RP_DEBET","RP_KREDIT","KET_REF_DATA","SALDO_"
 "AWAL") AS "
 "SELECT DISTINCT"
 "P.KD_BUKU_BESAR                     KD_REKENING,"
 "TO_DATE('01/01/'||'2013','DD/MM/RRRR')"
 "                                       TGL_ENTRY, "
 "''                                     NOMOR_BUKTI,"
 "0                                     NO_URUT,"
 "''                                   NO_POSTING,"
 "'SALDO AWAL'                                   KET_TAMBAH,"
 "''                                     KD,   "
 "P.NM_BUKU_BESAR                                 NM_REKENING,"
 "0                                         RP_DEBET,"
 "0                                        RP_KREDIT,"
 "'1'                                    KET_REF_DATA, AMBIL_SALDO_AWAL_IKH_B"
 "B(P.KD_BUKU_BESAR, 9, 2013) SALDO_AWAL"
 "FROM  KBBR_BUKU_BESAR P, KBBT_NERACA_SALDO Q"
 "WHERE P.KD_BUKU_BESAR = Q.KD_BUKU_BESAR"
 "AND   Q.THN_BUKU = '2013'"
 "AND   P.KD_BUKU_BESAR BETWEEN NVL('801.01.00','801.01.00') AND NVL('990.02."
 "00','901.99.00')"
 "UNION ALL"
 "SELECT "
 "D.KD_BUKU_BESAR                     KD_REKENING,"
 "C.TGL_POSTING                           TGL_ENTRY, "
 "C.NO_NOTA                             NOMOR_BUKTI, "
 "D.NO_SEQ                             NO_URUT,"
 "C.NO_POSTING                           NO_POSTING,"
 "C.KET_TAMBAH    || ' ~ ' || C.NM_AGEN_PERUSH                       KET_TAMB"
 "AH,"
 "A.KD_BUKU_BESAR                     KD,   "
 "A.NM_BUKU_BESAR                     NM_REKENING,"
 "NVL(D.SALDO_RP_DEBET,0)             RP_DEBET,"
 "NVL(D.SALDO_RP_KREDIT,0)             RP_KREDIT,"
 "E.KET_REF_DATA                        KET_REF_DATA, NULL"
 "FROM"
 "KBBR_BUKU_BESAR A,"
 "KBBT_JUR_BB C,"
 "KBBT_JUR_BB_D D,"
 "KBBR_GENERAL_REF_D E"
 "WHERE    "
 "A.KD_BUKU_BESAR  = D.KD_BUKU_PUSAT"
 "AND A.GRUP_DTL_KODE <> 'H'"
 "AND D.NO_NOTA = C.NO_NOTA"
 "AND C.THN_BUKU = '2013'"
 "AND C.BLN_BUKU = '09'        "
 "AND C.NO_POSTING IS NOT NULL"
 "AND E.ID_REF_FILE = 'URUT JURNAL'"
 "AND E.ID_REF_DATA = D.KD_JURNAL"
 "AND A.KD_BUKU_BESAR BETWEEN NVL('801.01.00','801.01.00') AND NVL('990.02.00"
 "','901.99.00')"
 "ORDER BY 1,10,4,2,3 "
IMP-00041: Warning: object created with compilation warnings
 "CREATE FORCE VIEW "PPI_SIUK"."LAPORAN_HR_BK_BANTU_PER_REK1"                "
 "        ("KD_BUKU_BESAR","NM_BUKU_BESAR","TGL_ENTRY","NOMOR_BUKTI","NO_POST"
 "ING","KET_TAMBAH","RP_DEBET","RP_KREDIT","JUR","SALDO_AWAL","KD_LAWAN") AS "
 "SELECT KD_BUKU_BESAR, MAX(NM_BUKU_BESAR) NM_BUKU_BESAR, MAX(TGL_ENTRY) TGL_"
 "ENTRY, MAX(NOMOR_BUKTI) NOMOR_BUKTI, MAX(NO_POSTING) NO_POSTING, "
 "      MAX(KET_TAMBAH) KET_TAMBAH, MAX(RP_DEBET) RP_DEBET, MAX(RP_KREDIT) RP"
 "_KREDIT, MAX(JUR) JUR, MAX(SALDO_AWAL) SALDO_AWAL, MAX(KD_LAWAN) KD_LAWAN"
 "FROM"
 "("
 "SELECT    B.KD_BUKU_BESAR  KD_BUKU_BESAR, NM_BUKU_BESAR,"
 "       TO_DATE(SYSDATE,'DD-MM-RRRR')  TGL_ENTRY, "
 "       '00000'               NOMOR_BUKTI,"
 "       '00000'       NO_POSTING,"
 "       'SALDO AWAL'       KET_TAMBAH,"
 "       0              RP_DEBET,"
 "       0              RP_KREDIT,"
 "       '0' JUR,"
 "       AMBIL_SALDO_AWAL_IKH_BB(B.KD_BUKU_BESAR, 9, 2013) SALDO_AWAL, '00.00"
 ".00' KD_LAWAN"
 "FROM"
 "                  KBBT_NERACA_SALDO B INNER JOIN KBBR_BUKU_BESAR X ON X.KD_"
 "BUKU_BESAR = B.KD_BUKU_BESAR"
 "WHERE     B.KD_BUKU_BESAR >=   NVL('101.01.00', B.KD_BUKU_BESAR)"
 "AND           B.KD_BUKU_BESAR <=   NVL('357.09.00',B.KD_BUKU_BESAR)"
 "AND           B.THN_BUKU=2013"
 ") A"
 "GROUP BY KD_BUKU_BESAR "
IMP-00041: Warning: object created with compilation warnings
 "CREATE FORCE VIEW "PPI_SIUK"."LAPORAN_HR_BK_BANTU_PER_REK2"                "
 "        ("KD_BUKU_BESAR","NM_BUKU_BESAR","TGL_ENTRY","NOMOR_BUKTI","NO_POST"
 "ING","KET_TAMBAH","RP_DEBET","RP_KREDIT","JUR","SALDO_AWAL","KD_LAWAN") AS "
 "SELECT  DISTINCT  B.KD_BUKU_BESAR  KD_BUKU_BESAR, NM_BUKU_BESAR,"
 "       SYSDATE  TGL_ENTRY, "
 "       '00000'               NOMOR_BUKTI,"
 "       '00000'       NO_POSTING,"
 "       'SALDO AWAL'       KET_TAMBAH,"
 "       0              RP_DEBET,"
 "       0              RP_KREDIT,"
 "       '0' JUR,"
 "       AMBIL_SALDO_AWAL_IKH_BB(B.KD_BUKU_BESAR, 9, 2013) SALDO_AWAL, '00.00"
 ".00' KD_LAWAN"
 "FROM"
 "                  KBBT_NERACA_SALDO B INNER JOIN KBBR_BUKU_BESAR X ON X.KD_"
 "BUKU_BESAR = B.KD_BUKU_BESAR"
 "WHERE     B.KD_BUKU_BESAR >=   NVL('101.01.00', B.KD_BUKU_BESAR)"
 "AND           B.KD_BUKU_BESAR <=   NVL('357.09.00',B.KD_BUKU_BESAR)"
 "AND           B.THN_BUKU=2013"
 "UNION ALL"
 "SELECT      D.KD_BUKU_BESAR                         KD_BUKU_BESAR, (SELECT "
 "NM_BUKU_BESAR FROM KBBR_BUKU_BESAR X WHERE X.KD_BUKU_BESAR = D.KD_BUKU_BESA"
 "R) NM_BUKU_BESAR,"
 "       C.TGL_POSTING                                TGL_ENTRY, "
 "       C.NO_NOTA||' '||D.NO_SEQ                NOMOR_BUKTI,"
 "       C.NO_POSTING                                   NO_POSTING,"
 "       DECODE(C.JEN_JURNAL, 'JRR', RTRIM ( NVL(D.KET_TAMBAH,C.KET_TAMBAH) )"
 ", RTRIM ( C.KET_TAMBAH ))      || ' ~ ' || C.NM_AGEN_PERUSH             KET"
 "_TAMBAH,"
 "       NVL(D.SALDO_RP_DEBET,0)           RP_DEBET,"
 "       NVL(D.SALDO_RP_KREDIT,0)          RP_KREDIT,"
 "                   E.KET_REF_DATA, 0 SALDO_AWAL, (SELECT MAX(KD_BUKU_BESAR)"
 " FROM KBBT_JUR_BB_D X WHERE C.NO_NOTA = X.NO_NOTA AND X.KD_SUB_BANTU = C.KD"
 "_KUSTO) KD_LAWAN"
 "FROM"
 "       KBBT_JUR_BB C,"
 "       KBBT_JUR_BB_D D,"
 "                   KBBR_GENERAL_REF_D E"
 "WHERE    "
 "  D.KD_BUKU_BESAR >=   NVL('101.01.00', D.KD_BUKU_BESAR)"
 "AND           D.KD_BUKU_BESAR <=   NVL('357.09.00',D.KD_BUKU_BESAR)"
 "AND           D.NO_NOTA  = C.NO_NOTA  "
 "AND           C.THN_BUKU=2013"
 "AND           C.BLN_BUKU='09'"
 "AND           C.NO_POSTING IS NOT NULL"
 "AND           E.ID_REF_FILE = 'URUT JURNAL'"
 "AND           E.ID_REF_DATA = D.KD_JURNAL"
 "ORDER BY 1, 8, 2, 4 "
IMP-00041: Warning: object created with compilation warnings
 "CREATE FORCE VIEW "PPI_SIUK"."LAPORAN_PPH_4_2"                        ("THN"
 "_BUKU","BLN_BUKU","KODE_REKENING","NAMA_REKENING","JKM","JKK","KETERANGAN","
 ""NAMA_WP","NPWP","BP_NOMOR","BP_TANGGAL","BAHAN","JASA","TOTAL_BIAYA","OBYE"
 "K_PPH","TARIF_EFEKTIF","JUMLAH_PPH_DIPOTONG","NO_POSTING") AS "
 "SELECT A.THN_BUKU, A.BLN_BUKU, D.KD_BUKU_BESAR KODE_REKENING, "
 "       D.NM_BUKU_BESAR NAMA_REKENING, B.NO_NOTA JKM, A.NO_NOTA JKK, A.KET_T"
 "AMBAH KETERANGAN,"
 "       C.MPLG_NAMA NAMA_WP, C.MPLG_NPWP NPWP, '' BP_NOMOR, NULL BP_TANGGAL,"
 " NULL BAHAN, NULL JASA,  JML_VAL_TRANS TOTAL_BIAYA,"
 "       D.SALDO_VAL_DEBET OBYEK_PPH, NULL TARIF_EFEKTIF, B.PPH JUMLAH_PPH_DI"
 "POTONG, B.NO_POSTING"
 "FROM KBBT_JUR_BB A"
 "INNER JOIN ("
 "SELECT "
 "B.NO_REF3, B.NO_NOTA, MAX(SALDO_VAL_KREDIT) PPH, NO_POSTING"
 "FROM SIUK.KBBT_JUR_BB_D A INNER JOIN KBBT_JUR_BB B ON A.NO_NOTA = B.NO_NOTA"
 "WHERE KD_BUKU_BESAR = '410.03.01' AND JEN_JURNAL = 'JKM'"
 "GROUP BY B.NO_REF3, B.NO_NOTA, B.NO_POSTING"
 ") B ON A.NO_REF3 = B.NO_REF3"
 "LEFT JOIN SAFM_PELANGGAN C ON C.MPLG_KODE = A.KD_KUSTO"
 "LEFT JOIN (SELECT NO_NOTA, A.KD_BUKU_BESAR, NM_BUKU_BESAR, SALDO_VAL_DEBET "
 "FROM KBBT_JUR_BB_D A INNER JOIN KBBR_BUKU_BESAR B ON SUBSTR(A.KD_BUKU_BESAR"
 ", 0, 3) || '.00.00' = B.KD_BUKU_BESAR WHERE A.KD_BUKU_BESAR IN ('401.04.00'"
 ", '301.01.00')) D ON A.NO_NOTA = D.NO_NOTA "
 "WHERE JEN_JURNAL = 'JKK' "
IMP-00041: Warning: object created with compilation warnings
 "CREATE FORCE VIEW "PPI_SIUK"."LAPORAN_MUTASI_HARIAN"                       "
 " ("TGL_POSTING_CHAR","TGL_POSTING","NO_KASIR","NO_NOTA","NO_NOTAX","NO_REK""
 ","KD_BANTU","URAIAN","DEBET","KREDIT","SALDO","KD_JURNAL","NAMA_PERUSH") AS"
 " "
 "SELECT TO_CHAR(TGL_POSTING, 'DDMMYYYY') TGL_POSTING_CHAR , A.TGL_POSTING, T"
 "O_NUMBER(SUBSTR(A.NO_REG_KASIR,1,4)) NO_KASIR, A.NO_NOTA NO_NOTA, A.NO_NOTA"
 " NO_NOTAX,"
 "       B.KD_BUKU_BESAR NO_REK, (SELECT MAX (KD_BUKU_BESAR)"
 "             FROM PERBENDAHARAAN.KBBT_JUR_BB_KASIR_D X"
 "            WHERE A.NO_NOTA = X.NO_NOTA AND X.KD_SUB_BANTU = A.KD_KUSTO)"
 "             KD_LAWAN, A.KET_TAMBAH URAIAN, "
 "       B.SALDO_RP_DEBET DEBET, SALDO_RP_KREDIT KREDIT, NULL SALDO,"
 "       KD_JURNAL, A.NM_AGEN_PERUSH NAMA_PERUSH"
 "FROM PERBENDAHARAAN.KBBT_JUR_BB_KASIR A, PERBENDAHARAAN.KBBT_JUR_BB_KASIR_D"
 " B"
 "WHERE A.NO_NOTA = B.NO_NOTA AND "
 "      B.KD_BUKU_BESAR LIKE '101%' AND A.KD_VALUTA = 'IDR' AND"
 "      (NVL(B.SALDO_RP_DEBET,0) <> 0 OR NVL(B.SALDO_RP_KREDIT,0) <> 0)      "
 "  "
 "UNION ALL"
 "SELECT TO_CHAR(TGL_POSTING, 'DDMMYYYY') TGL_POSTING_CHAR, TGL_POSTING, 0, N"
 "ULL, NULL, MBANK_KODE_BB, MBANK_KARTU_BB, NULL, 0, 0, PERBENDAHARAAN.CF_SAL"
 "DO_AWALFORMULA(TO_CHAR(TGL_POSTING, 'DDMMRR'), MBANK_KODE_BB), NULL, MBANK_"
 "NAMA "
 "FROM  SAFM_BANK A,"
 "     KBBR_BUKU_BESAR B,"
 "     (SELECT TGL_POSTING "
 "        FROM PERBENDAHARAAN.KBBT_SALDO_HARIAN_KASIR "
 "GROUP BY TGL_POSTING)"
 "WHERE A.MBANK_KODE_BB = B.KD_BUKU_BESAR"
 "  AND A.KD_AKTIF = 'A'"
 "  AND B.KODE_VALUTA = 'IDR'  "
 "ORDER BY NO_REK, KD_JURNAL DESC, NO_KASIR "
IMP-00041: Warning: object created with compilation warnings
 "CREATE FORCE VIEW "PPI_SIUK"."LAPORAN_POSISI_KAS_BANK"                     "
 "   ("VALUTA_KURS","KD_BUKU_BESAR","MBANK_NAMA","KD_SUB_BANTU","KD_VALUTA",""
 "SALDO_AWAL","MUTASI_HR_INI_D","MUTASI_HARI_INI_K","MUTASI_SD_HARI_D","MUTAS"
 "I_SD_HARI_K") AS "
 "SELECT (SELECT NILAI_RATE FROM SAFR_VALUTA_KURS X WHERE TO_CHAR(TGL_MULAI_R"
 "ATE, 'MMYYYY') = TO_CHAR(TGL_POSTING, 'MMYYYY')) VALUTA_KURS, SA.KD_BUKU_BE"
 "SAR, SA.MBANK_NAMA, SA.KD_SUB_BANTU, NVL(NVL(NVL(SA.KD_VALUTA,SKM.KD_VALUTA"
 "),HR.KD_VALUTA),SD.KD_VALUTA) KD_VALUTA, AMBIL_SALDO_AWAL_POSISI_KAS(SA.KD_"
 "BUKU_BESAR, SA.KD_VALUTA, SA.TGL_POSTING) SALDO_AWAL, "
 "        NVL(HR.DEBET,0) MUTASI_HR_INI_D, NVL(HR.KREDIT,0) MUTASI_HARI_INI_K"
 "       , NVL(SD.DEBET,0) MUTASI_SD_HARI_D, NVL(SD.KREDIT,0) MUTASI_SD_HARI_"
 "K   "
 "FROM"
 "("
 "SELECT TGL_POSTING, MBANK_NAMA, A.MBANK_KODE_BB KD_BUKU_BESAR, A.MBANK_KART"
 "U_BB KD_SUB_BANTU,"
 "        KD_VALUTA, AWAL_DEBET, RP_AWAL"
 "  FROM SAFM_BANK A, ("
 "SELECT TGL_POSTING, KD_BUKU_BESAR, KD_SUB_BANTU, KD_VALUTA, NVL(SALDO_VAL_A"
 "WAL, 0) AWAL_DEBET, NVL(SALDO_RP_AWAL, 0) RP_AWAL   "
 "  FROM PERBENDAHARAAN.KBBT_SALDO_HARIAN_KASIR"
 " WHERE TO_CHAR(TGL_POSTING,'MMRR') = TO_CHAR(TO_DATE('160913','DDMMRR'),'MM"
 "RR')"
 "   AND TO_CHAR(TGL_POSTING,'DDMMRR') = (SELECT TO_CHAR(MIN(TGL_POSTING),'DD"
 "MMRR') "
 "                                                FROM PERBENDAHARAAN.KBBT_SA"
 "LDO_HARIAN_KASIR"
 "                                               WHERE TO_CHAR(TGL_POSTING,'M"
 "MRR') = TO_CHAR(TO_DATE('160913','DDMMRR'),'MMRR'))"
 " GROUP BY TGL_POSTING, KD_BUKU_BESAR, KD_SUB_BANTU, KD_VALUTA, SALDO_VAL_AW"
 "AL, SALDO_RP_AWAL) B    "
 " WHERE A.MBANK_KODE_BB   =  B.KD_BUKU_BESAR(+)"
 "   AND A.MBANK_KARTU_BB     =  B.KD_SUB_BANTU(+)"
 "   AND A.KD_AKTIF = 'A'    "
 " ORDER BY 1"
 ") SA,"
 "("
 "SELECT KD_BUKU_BESAR, KD_SUB_BANTU, KD_VALUTA"
 "      , SUM(MUTASI_VAL_DEBET) DEBET, SUM(MUTASI_VAL_KREDIT) KREDIT"
 "     , SUM(MUTASI_VAL_DEBET) RP_DEBET, SUM(MUTASI_VAL_KREDIT) RP_KREDIT"
 "  FROM PERBENDAHARAAN.KBBT_SALDO_HARIAN_KASIR   "
 " WHERE TO_DATE(TO_CHAR(TGL_POSTING,'DDMMRR'),'DDMMRR') BETWEEN LAST_DAY(ADD"
 "_MONTHS(TO_DATE('160913','DDMMRR'),-1)) + 1 AND TO_DATE('160913','DDMMRR') "
 "- 1  "
 "   AND KD_BUKU_BESAR||KD_SUB_BANTU||KD_VALUTA IN"
 "         (SELECT MBANK_KODE_BB||MBANK_KARTU_BB||KODE_VALUTA"
 "          FROM SAFM_BANK A, KBBR_BUKU_BESAR B"
 "         WHERE A.KD_AKTIF = 'A' AND MBANK_KODE_BB = B.KD_BUKU_BESAR)"
 " GROUP BY KD_BUKU_BESAR, KD_SUB_BANTU, KD_VALUTA"
 " ORDER BY 1 "
 ") SKM,"
 "("
 "SELECT KD_BUKU_BESAR, KD_SUB_BANTU, KD_VALUTA"
 "      , MUTASI_VAL_DEBET DEBET, MUTASI_VAL_KREDIT KREDIT, MUTASI_VAL_DEBET "
 "RP_DEBET, MUTASI_VAL_KREDIT RP_KREDIT"
 "  FROM PERBENDAHARAAN.KBBT_SALDO_HARIAN_KASIR"
 " WHERE TO_CHAR(TGL_POSTING,'DDMMRR') = '160913' "
 "   AND KD_BUKU_BESAR||KD_SUB_BANTU||KD_VALUTA IN"
 "       (SELECT MBANK_KODE_BB||MBANK_KARTU_BB||KODE_VALUTA"
 "            FROM SAFM_BANK A, KBBR_BUKU_BESAR B"
 "         WHERE A.KD_AKTIF = 'A' AND MBANK_KODE_BB = B.KD_BUKU_BESAR)"
 " ORDER BY 1"
 ") HR,"
 "("
 "SELECT KD_BUKU_BESAR, KD_SUB_BANTU, KD_VALUTA"
 "      , SUM(MUTASI_VAL_DEBET) DEBET, SUM(MUTASI_VAL_KREDIT) KREDIT"
 "     , SUM(MUTASI_VAL_DEBET) RP_DEBET, SUM(MUTASI_VAL_KREDIT) RP_KREDIT"
 "  FROM PERBENDAHARAAN.KBBT_SALDO_HARIAN_KASIR"
 " WHERE TO_DATE(TO_CHAR(TGL_POSTING,'DDMMRR'),'DDMMRR') BETWEEN LAST_DAY(ADD"
 "_MONTHS(TO_DATE('160913','DDMMRR'),-1)) + 1 AND TO_DATE('160913','DDMMRR') "
 " "
 "   AND KD_BUKU_BESAR||KD_SUB_BANTU||KD_VALUTA IN"
 "         (SELECT MBANK_KODE_BB||MBANK_KARTU_BB||KODE_VALUTA"
 "          FROM SAFM_BANK A, KBBR_BUKU_BESAR B"
 "         WHERE A.KD_AKTIF = 'A' AND MBANK_KODE_BB = B.KD_BUKU_BESAR)"
 " GROUP BY KD_BUKU_BESAR, KD_SUB_BANTU, KD_VALUTA"
 ") SD"
 "WHERE SA.KD_BUKU_BESAR = SKM.KD_BUKU_BESAR(+) "
 "  AND SA.KD_SUB_BANTU = SKM.KD_SUB_BANTU(+)"
 "  AND SA.KD_BUKU_BESAR = HR.KD_BUKU_BESAR(+) "
 "  AND SA.KD_SUB_BANTU = HR.KD_SUB_BANTU(+)"
 "  AND SA.KD_BUKU_BESAR = SD.KD_BUKU_BESAR(+) "
 "  AND SA.KD_SUB_BANTU = SD.KD_SUB_BANTU(+) "
 "  AND NVL(NVL(NVL(SA.KD_VALUTA,SKM.KD_VALUTA),HR.KD_VALUTA),SD.KD_VALUTA) I"
 "S NOT NULL"
 "  ORDER BY 1,2 "
IMP-00041: Warning: object created with compilation warnings
 "CREATE FORCE VIEW "PPI_SIUK"."LAPORAN_KARTU_REKENING"                      "
 "  ("SALDO_AWAL","REK_KASIR","NOTAX","NOTA","KD_BUKU_BESAR","DEBET","KREDIT""
 ","URAIAN","TGL_TRANS","TGL_POSTING","NM_PERUSH") AS "
 "SELECT (SELECT SALDO_VAL_AWAL FROM PERBENDAHARAAN.KBBT_SALDO_HARIAN_KASIR W"
 "HERE TO_CHAR(TGL_POSTING, 'DDMMYYYY') = '16092013' AND KD_BUKU_BESAR = '101"
 ".01.00' AND KD_SUB_BANTU = '00000') SALDO_AWAL, TO_NUMBER(SUBSTR(A.NO_REG_K"
 "ASIR,1,4)) REK_KASIR, SUBSTR(A.NO_NOTA,1,10) NOTAX,"
 "       A.NO_NOTA NOTA, B.KD_BUKU_BESAR,"
 "       NVL(B.SALDO_RP_DEBET,0) DEBET,"
 "       NVL(B.SALDO_RP_KREDIT,0) KREDIT,"
 "       A.KET_TAMBAH URAIAN, A.TGL_TRANS TGL_TRANS, "
 "       to_char(a.tgl_posting, 'DD-MM-RR') tgl_posting, a.nm_agen_perush nm_"
 "perush"
 "FROM PERBENDAHARAAN.KBBT_JUR_BB_KASIR A, PERBENDAHARAAN.KBBT_JUR_BB_KASIR_D"
 " B "
 "WHERE A.NO_NOTA = B.NO_NOTA AND A.NO_POSTING IS NOT NULL"
 "      AND DECODE(length('160913'), 6,TO_CHAR(A.TGL_POSTING,'DDMMRR'), TO_CH"
 "AR(A.TGL_POSTING,'MMRR')) = '160913'"
 "      AND B.KD_BUKU_BESAR = SUBSTR('101.01.00 00000',1,9) "
 "      AND B.KD_SUB_BANTU = DECODE(SUBSTR(B.KD_BUKU_BESAR,1,3),'101', (DECOD"
 "E(B.KD_BUKU_BESAR, '101.02.00', B.KD_SUB_BANTU, SUBSTR('101.01.00 00000',11"
 ",5))),B.KD_SUB_BANTU)"
 "ORDER BY 1 "
IMP-00041: Warning: object created with compilation warnings
 "CREATE FORCE VIEW "PPI_SIUK"."CONTOH"                        ("ADA_PAJAK",""
 "AKRONIM_DESC","AUTO_MANUAL","BB_GAIN_LOSS","BB_GAIN_VALAS","BB_LOSS_VALAS","
 ""CLOSING_JURNAL","CONTRA_JURNAL","FLAG_METERAI","ID_REF_JURNAL","KD_AKTIF","
 ""KD_CABANG","KD_JURNAL","KD_PAJAK1","KD_PAJAK2","KD_PAJAK3","KD_SUBSIS","LA"
 "ST_UPDATED_BY","LAST_UPDATE_DATE","POST_JURNAL","PROGRAM_NAME","TIPE_DESC","
 ""TIPE_LR_VALAS","TIPE_TRANS") AS "
 "SELECT "
 "ADA_PAJAK, AKRONIM_DESC, AUTO_MANUAL, "
 "   BB_GAIN_LOSS, BB_GAIN_VALAS, BB_LOSS_VALAS, "
 "   CLOSING_JURNAL, CONTRA_JURNAL, FLAG_METERAI, "
 "   ID_REF_JURNAL, KD_AKTIF, KD_CABANG, "
 "   KD_JURNAL, KD_PAJAK1, KD_PAJAK2, "
 "   KD_PAJAK3, KD_SUBSIS, LAST_UPDATED_BY, "
 "   LAST_UPDATE_DATE, POST_JURNAL, PROGRAM_NAME, "
 "   TIPE_DESC, TIPE_LR_VALAS, TIPE_TRANS"
 "FROM SIUK.KBBR_TIPE_TRANS "
IMP-00041: Warning: object created with compilation warnings
 "CREATE FORCE VIEW "PPI_SIUK"."LAPORAN_HR_BK_BANTU_PER_REK"                 "
 "       ("KD_BUKU_BESAR","NM_BUKU_BESAR","TGL_ENTRY","NOMOR_BUKTI","NO_POSTI"
 "NG","KET_TAMBAH","RP_DEBET","RP_KREDIT","JUR","SALDO_AWAL","KD_LAWAN") AS "
 "SELECT DISTINCT"
 "          B.KD_BUKU_BESAR KD_BUKU_BESAR,"
 "          NM_BUKU_BESAR,"
 "          SYSDATE TGL_ENTRY,"
 "          NULL NOMOR_BUKTI,"
 "          NULL NO_POSTING,"
 "          'SALDO AWAL' KET_TAMBAH,"
 "          0 RP_DEBET,"
 "          0 RP_KREDIT,"
 "          '0' JUR,"
 "          AMBIL_SALDO_AWAL_IKH_BB (B.KD_BUKU_BESAR, 9, 2013) SALDO_AWAL,"
 "          NULL KD_LAWAN"
 "     FROM    SIUK.KBBT_NERACA_SALDO B"
 "          INNER JOIN"
 "             SIUK.KBBR_BUKU_BESAR X"
 "          ON X.KD_BUKU_BESAR = B.KD_BUKU_BESAR"
 "    WHERE     B.KD_BUKU_BESAR >= NVL ('101.01.00', B.KD_BUKU_BESAR)"
 "          AND B.KD_BUKU_BESAR <= NVL ('357.09.00', B.KD_BUKU_BESAR)"
 "          AND B.THN_BUKU = 2013"
 "   UNION ALL"
 "   SELECT D.KD_BUKU_BESAR KD_BUKU_BESAR,"
 "          (SELECT NM_BUKU_BESAR"
 "             FROM SIUK.KBBR_BUKU_BESAR X"
 "            WHERE X.KD_BUKU_BESAR = D.KD_BUKU_BESAR)"
 "             NM_BUKU_BESAR,"
 "          C.TGL_POSTING TGL_ENTRY,"
 "          C.NO_NOTA || ' ' || D.NO_SEQ NOMOR_BUKTI,"
 "          C.NO_POSTING NO_POSTING,"
 "          DECODE (C.JEN_JURNAL,"
 "                  'JRR', RTRIM (NVL (D.KET_TAMBAH, C.KET_TAMBAH)),"
 "                  RTRIM (C.KET_TAMBAH))"
 "          || ' ~ '"
 "          || C.NM_AGEN_PERUSH"
 "             KET_TAMBAH,"
 "          NVL (D.SALDO_RP_DEBET, 0) RP_DEBET,"
 "          NVL (D.SALDO_RP_KREDIT, 0) RP_KREDIT,"
 "          E.KET_REF_DATA,"
 "          0 SALDO_AWAL,"
 "          (SELECT MAX (KD_BUKU_BESAR)"
 "             FROM SIUK.KBBT_JUR_BB_D X"
 "            WHERE C.NO_NOTA = X.NO_NOTA AND X.KD_SUB_BANTU = C.KD_KUSTO)"
 "             KD_LAWAN"
 "     FROM SIUK.KBBT_JUR_BB C, SIUK.KBBT_JUR_BB_D D, SIUK.KBBR_GENERAL_REF_D"
 " E"
 "    WHERE     D.KD_BUKU_BESAR >= NVL ('101.01.00', D.KD_BUKU_BESAR)"
 "          AND D.KD_BUKU_BESAR <= NVL ('357.09.00', D.KD_BUKU_BESAR)"
 "          AND D.NO_NOTA = C.NO_NOTA"
 "          AND C.THN_BUKU = 2013"
 "          AND C.BLN_BUKU = '09'"
 "          AND C.NO_POSTING IS NOT NULL"
 "          AND E.ID_REF_FILE = 'URUT JURNAL'"
 "          AND E.ID_REF_DATA = D.KD_JURNAL"
 "   ORDER BY 1,"
 "            9,"
 "            2,"
 "            4"
IMP-00041: Warning: object created with compilation warnings
 "CREATE FORCE VIEW "PPI_SIUK"."LAPORAN_NERACA_KOMPARATIF_1"                 "
 "       ("KD_LEVEL1","NM_BUKU_BESAR","FG","MG","SG","TH_G","PAWAL_S","SALDO_"
 "PLX","SALDO_PSX","KD_LEVEL2") AS "
 "SELECT "
 "KD_LEVEL1, NM_BUKU_BESAR, FG, "
 "   MG, SG, TH_G, "
 "   PAWAL_S, SALDO_PLX, SALDO_PSX, "
 "   KD_LEVEL2"
 "FROM SIUK.LAPORAN_NERACA_KOMPARATIF WHERE FG = 1 AND NOT KD_LEVEL1 IN (210)"
 " AND KD_LEVEL1 BETWEEN 101 AND 232"
 "UNION ALL"
 "SELECT "
 "NULL KD_LEVEL1, 'Akumulasi Penyusutan' NM_BUKU_BESAR, 1 FG, "
 "   3 MG, NULL SG, NULL TH_G, "
 "   NULL PAWAL_S, SUM(SALDO_PLX) SALDO_PLX, SUM(SALDO_PSX) SALDO_PSX, "
 "   NULL KD_LEVEL2"
 "FROM LAPORAN_NERACA_KOMPARATIF WHERE KD_LEVEL1 BETWEEN 261 AND 284"
 "UNION ALL"
 "SELECT "
 "KD_LEVEL1, NM_BUKU_BESAR, FG, "
 "   5 MG, SG, TH_G, "
 "   PAWAL_S, SALDO_PLX, SALDO_PSX, "
 "   KD_LEVEL2"
 "FROM SIUK.LAPORAN_NERACA_KOMPARATIF WHERE FG = 1 AND KD_LEVEL1 IN (210)"
 "UNION ALL"
 "SELECT "
 "KD_LEVEL1, NM_BUKU_BESAR, FG, "
 "   MG, SG, TH_G, "
 "   PAWAL_S, SALDO_PLX, SALDO_PSX, "
 "   KD_LEVEL2"
 "FROM SIUK.LAPORAN_NERACA_KOMPARATIF WHERE FG = 1 AND NOT KD_LEVEL1 IN (210)"
 " AND KD_LEVEL1 BETWEEN 301 AND 360 "
IMP-00041: Warning: object created with compilation warnings
 "CREATE FORCE VIEW "PPI_SIUK"."LAPORAN_NERACA_KOMPARATIF_2"                 "
 "       ("KD_LEVEL1","NM_BUKU_BESAR","FG","MG","SG","TH_G","PAWAL_S","SALDO_"
 "PLX","SALDO_PSX","KD_LEVEL2") AS "
 "SELECT "
 "KD_LEVEL1, NM_BUKU_BESAR, FG, "
 "   MG, SG, TH_G, "
 "   PAWAL_S, SALDO_PLX, SALDO_PSX, "
 "   KD_LEVEL2"
 "FROM SIUK.LAPORAN_NERACA_KOMPARATIF WHERE FG = 2 "
IMP-00041: Warning: object created with compilation warnings
 "CREATE FORCE VIEW "PPI_SIUK"."NERACA_LAMA"                        ("KD_CABA"
 "NG","THN_BUKU","KD_BUKU_BESAR","KD_SUB_BANTU","KD_BUKU_PUSAT","KD_VALUTA",""
 "AWAL_DEBET","AWAL_KREDIT","P01_DEBET","P01_KREDIT","P02_DEBET","P02_KREDIT""
 ","P03_DEBET","P03_KREDIT","P04_DEBET","P04_KREDIT","P05_DEBET","P05_KREDIT""
 ","P06_DEBET","P06_KREDIT","P07_DEBET","P07_KREDIT","P08_DEBET","P08_KREDIT""
 ","P09_DEBET","P09_KREDIT","P10_DEBET","P10_KREDIT","P11_DEBET","P11_KREDIT""
 ","P12_DEBET","P12_KREDIT","P13_DEBET","P13_KREDIT","P14_DEBET","P14_KREDIT""
 ","STATUS_CLOSING","TGL_CLOSING","LAST_UPDATE_DATE","LAST_UPDATED_BY","PROGR"
 "AM_NAME","P15_DEBET","P15_KREDIT","P16_DEBET","P16_KREDIT","P17_DEBET","P17"
 "_KREDIT","P18_DEBET","P18_KREDIT") AS "
 "SELECT a."KD_CABANG",a."THN_BUKU",a."KD_BUKU_BESAR",a."KD_SUB_BANTU",a."KD_"
 "BUKU_PUSAT",a."KD_VALUTA",a."AWAL_DEBET",a."AWAL_KREDIT",a."P01_DEBET",a."P"
 "01_KREDIT",a."P02_DEBET",a."P02_KREDIT",a."P03_DEBET",a."P03_KREDIT",a."P04"
 "_DEBET",a."P04_KREDIT",a."P05_DEBET",a."P05_KREDIT",a."P06_DEBET",a."P06_KR"
 "EDIT",a."P07_DEBET",a."P07_KREDIT",a."P08_DEBET",a."P08_KREDIT",a."P09_DEBE"
 "T",a."P09_KREDIT",a."P10_DEBET",a."P10_KREDIT",a."P11_DEBET",a."P11_KREDIT""
 ",a."P12_DEBET",a."P12_KREDIT",a."P13_DEBET",a."P13_KREDIT",a."P14_DEBET",a."
 ""P14_KREDIT",a."STATUS_CLOSING",a."TGL_CLOSING",a."LAST_UPDATE_DATE",a."LAS"
 "T_UPDATED_BY",a."PROGRAM_NAME",a."P15_DEBET",a."P15_KREDIT",a."P16_DEBET",a"
 "."P16_KREDIT",a."P17_DEBET",a."P17_KREDIT",a."P18_DEBET",a."P18_KREDIT""
 "                FROM KBBT_NERACA_SALDO@siuk_ppi a, KBBR_BUKU_BESAR@siuk_ppi"
 " b"
 "                WHERE "
 "                a.thn_buku      = 2017"
 "                AND    a.kd_buku_besar = b.kd_buku_besar"
 "                AND    a.kd_valuta     = 'IDR'"
 "                AND    NVL(SUBSTR(a.kd_buku_besar,1,1),0) >= 7 "
Import terminated successfully with warnings.
